<?xml version="1.0" encoding="UTF-8"?>
<testsuite xmlns:xsi="http://www.w3.org/2001/XMLSchema-instance" xsi:noNamespaceSchemaLocation="https://maven.apache.org/surefire/maven-surefire-plugin/xsd/surefire-test-report.xsd" name="com.example.ageconsumer.integration.AgeConsumerTest" time="6.649" tests="1" errors="1" skipped="0" failures="0">
  <properties>
    <property name="sun.desktop" value="windows"/>
    <property name="awt.toolkit" value="sun.awt.windows.WToolkit"/>
    <property name="java.specification.version" value="11"/>
    <property name="sun.cpu.isalist" value="amd64"/>
    <property name="sun.jnu.encoding" value="Cp1252"/>
    <property name="java.class.path" value="C:\Users\indrajeet.kumar\pact-contract-testing\ContractTestingBoilerplate\age-consumer\target\test-classes;C:\Users\indrajeet.kumar\pact-contract-testing\ContractTestingBoilerplate\age-consumer\target\classes;C:\Users\indrajeet.kumar\.m2\repository\au\com\dius\pact\consumer\junit5\4.2.2\junit5-4.2.2.jar;C:\Users\indrajeet.kumar\.m2\repository\org\junit\jupiter\junit-jupiter-api\5.7.2\junit-jupiter-api-5.7.2.jar;C:\Users\indrajeet.kumar\.m2\repository\org\apiguardian\apiguardian-api\1.1.0\apiguardian-api-1.1.0.jar;C:\Users\indrajeet.kumar\.m2\repository\org\opentest4j\opentest4j\1.2.0\opentest4j-1.2.0.jar;C:\Users\indrajeet.kumar\.m2\repository\org\junit\platform\junit-platform-commons\1.7.2\junit-platform-commons-1.7.2.jar;C:\Users\indrajeet.kumar\.m2\repository\au\com\dius\pact\consumer\4.2.2\consumer-4.2.2.jar;C:\Users\indrajeet.kumar\.m2\repository\au\com\dius\pact\core\model\4.2.2\model-4.2.2.jar;C:\Users\indrajeet.kumar\.m2\repository\au\com\dius\pact\core\support\4.2.2\support-4.2.2.jar;C:\Users\indrajeet.kumar\.m2\repository\org\antlr\antlr4\4.7.2\antlr4-4.7.2.jar;C:\Users\indrajeet.kumar\.m2\repository\org\antlr\antlr4-runtime\4.7.2\antlr4-runtime-4.7.2.jar;C:\Users\indrajeet.kumar\.m2\repository\org\antlr\antlr-runtime\3.5.2\antlr-runtime-3.5.2.jar;C:\Users\indrajeet.kumar\.m2\repository\org\antlr\ST4\4.1\ST4-4.1.jar;C:\Users\indrajeet.kumar\.m2\repository\org\abego\treelayout\org.abego.treelayout.core\1.0.3\org.abego.treelayout.core-1.0.3.jar;C:\Users\indrajeet.kumar\.m2\repository\org\glassfish\javax.json\1.0.4\javax.json-1.0.4.jar;C:\Users\indrajeet.kumar\.m2\repository\io\github\microutils\kotlin-logging-jvm\2.0.3\kotlin-logging-jvm-2.0.3.jar;C:\Users\indrajeet.kumar\.m2\repository\com\michael-bull\kotlin-result\kotlin-result-jvm\1.1.9\kotlin-result-jvm-1.1.9.jar;C:\Users\indrajeet.kumar\.m2\repository\com\google\code\findbugs\jsr305\3.0.2\jsr305-3.0.2.jar;C:\Users\indrajeet.kumar\.m2\repository\au\com\dius\pact\core\pactbroker\4.2.2\pactbroker-4.2.2.jar;C:\Users\indrajeet.kumar\.m2\repository\com\google\guava\guava\30.1-jre\guava-30.1-jre.jar;C:\Users\indrajeet.kumar\.m2\repository\com\google\guava\failureaccess\1.0.1\failureaccess-1.0.1.jar;C:\Users\indrajeet.kumar\.m2\repository\com\google\guava\listenablefuture\9999.0-empty-to-avoid-conflict-with-guava\listenablefuture-9999.0-empty-to-avoid-conflict-with-guava.jar;C:\Users\indrajeet.kumar\.m2\repository\org\checkerframework\checker-qual\3.5.0\checker-qual-3.5.0.jar;C:\Users\indrajeet.kumar\.m2\repository\com\google\errorprone\error_prone_annotations\2.3.4\error_prone_annotations-2.3.4.jar;C:\Users\indrajeet.kumar\.m2\repository\com\google\j2objc\j2objc-annotations\1.3\j2objc-annotations-1.3.jar;C:\Users\indrajeet.kumar\.m2\repository\com\michael-bull\kotlin-result\kotlin-result\1.1.6\kotlin-result-1.1.6.jar;C:\Users\indrajeet.kumar\.m2\repository\org\apache\commons\commons-collections4\4.1\commons-collections4-4.1.jar;C:\Users\indrajeet.kumar\.m2\repository\com\github\mifmif\generex\1.0.2\generex-1.0.2.jar;C:\Users\indrajeet.kumar\.m2\repository\javax\mail\mail\1.5.0-b01\mail-1.5.0-b01.jar;C:\Users\indrajeet.kumar\.m2\repository\javax\activation\activation\1.1\activation-1.1.jar;C:\Users\indrajeet.kumar\.m2\repository\org\apache\tika\tika-core\1.24.1\tika-core-1.24.1.jar;C:\Users\indrajeet.kumar\.m2\repository\au\com\dius\pact\core\matchers\4.2.2\matchers-4.2.2.jar;C:\Users\indrajeet.kumar\.m2\repository\xerces\xercesImpl\2.12.0\xercesImpl-2.12.0.jar;C:\Users\indrajeet.kumar\.m2\repository\xml-apis\xml-apis\1.4.01\xml-apis-1.4.01.jar;C:\Users\indrajeet.kumar\.m2\repository\org\atteo\evo-inflector\1.2.2\evo-inflector-1.2.2.jar;C:\Users\indrajeet.kumar\.m2\repository\com\github\ajalt\mordant\1.2.1\mordant-1.2.1.jar;C:\Users\indrajeet.kumar\.m2\repository\com\github\ajalt\colormath\1.2.0\colormath-1.2.0.jar;C:\Users\indrajeet.kumar\.m2\repository\com\googlecode\java-diff-utils\diffutils\1.3.0\diffutils-1.3.0.jar;C:\Users\indrajeet.kumar\.m2\repository\dk\brics\automaton\automaton\1.11-8\automaton-1.11-8.jar;C:\Users\indrajeet.kumar\.m2\repository\org\json\json\20160212\json-20160212.jar;C:\Users\indrajeet.kumar\.m2\repository\io\netty\netty-handler\4.1.67.Final\netty-handler-4.1.67.Final.jar;C:\Users\indrajeet.kumar\.m2\repository\io\netty\netty-common\4.1.67.Final\netty-common-4.1.67.Final.jar;C:\Users\indrajeet.kumar\.m2\repository\io\netty\netty-resolver\4.1.67.Final\netty-resolver-4.1.67.Final.jar;C:\Users\indrajeet.kumar\.m2\repository\io\netty\netty-buffer\4.1.67.Final\netty-buffer-4.1.67.Final.jar;C:\Users\indrajeet.kumar\.m2\repository\io\netty\netty-transport\4.1.67.Final\netty-transport-4.1.67.Final.jar;C:\Users\indrajeet.kumar\.m2\repository\io\netty\netty-codec\4.1.67.Final\netty-codec-4.1.67.Final.jar;C:\Users\indrajeet.kumar\.m2\repository\org\apache\httpcomponents\fluent-hc\4.5.13\fluent-hc-4.5.13.jar;C:\Users\indrajeet.kumar\.m2\repository\commons-logging\commons-logging\1.2\commons-logging-1.2.jar;C:\Users\indrajeet.kumar\.m2\repository\io\ktor\ktor-server-netty\1.3.1\ktor-server-netty-1.3.1.jar;C:\Users\indrajeet.kumar\.m2\repository\org\jetbrains\kotlin\kotlin-stdlib-jdk7\1.5.21\kotlin-stdlib-jdk7-1.5.21.jar;C:\Users\indrajeet.kumar\.m2\repository\org\jetbrains\kotlin\kotlin-stdlib-jdk8\1.5.21\kotlin-stdlib-jdk8-1.5.21.jar;C:\Users\indrajeet.kumar\.m2\repository\org\jetbrains\kotlinx\atomicfu\0.14.1\atomicfu-0.14.1.jar;C:\Users\indrajeet.kumar\.m2\repository\org\jetbrains\kotlinx\kotlinx-coroutines-jdk8\1.5.1\kotlinx-coroutines-jdk8-1.5.1.jar;C:\Users\indrajeet.kumar\.m2\repository\org\jetbrains\kotlinx\kotlinx-coroutines-core-jvm\1.5.1\kotlinx-coroutines-core-jvm-1.5.1.jar;C:\Users\indrajeet.kumar\.m2\repository\org\jetbrains\kotlinx\kotlinx-coroutines-core\1.5.1\kotlinx-coroutines-core-1.5.1.jar;C:\Users\indrajeet.kumar\.m2\repository\io\ktor\ktor-server-host-common\1.3.1\ktor-server-host-common-1.3.1.jar;C:\Users\indrajeet.kumar\.m2\repository\io\ktor\ktor-server-core\1.3.1\ktor-server-core-1.3.1.jar;C:\Users\indrajeet.kumar\.m2\repository\io\ktor\ktor-utils-jvm\1.3.1\ktor-utils-jvm-1.3.1.jar;C:\Users\indrajeet.kumar\.m2\repository\io\ktor\ktor-io-jvm\1.3.1\ktor-io-jvm-1.3.1.jar;C:\Users\indrajeet.kumar\.m2\repository\io\ktor\ktor-http-jvm\1.3.1\ktor-http-jvm-1.3.1.jar;C:\Users\indrajeet.kumar\.m2\repository\com\typesafe\config\1.3.1\config-1.3.1.jar;C:\Users\indrajeet.kumar\.m2\repository\io\ktor\ktor-http-cio-jvm\1.3.1\ktor-http-cio-jvm-1.3.1.jar;C:\Users\indrajeet.kumar\.m2\repository\org\jetbrains\kotlinx\kotlinx-coroutines-core-common\1.3.3\kotlinx-coroutines-core-common-1.3.3.jar;C:\Users\indrajeet.kumar\.m2\repository\io\netty\netty-codec-http2\4.1.67.Final\netty-codec-http2-4.1.67.Final.jar;C:\Users\indrajeet.kumar\.m2\repository\io\netty\netty-codec-http\4.1.67.Final\netty-codec-http-4.1.67.Final.jar;C:\Users\indrajeet.kumar\.m2\repository\org\eclipse\jetty\alpn\alpn-api\1.1.3.v20160715\alpn-api-1.1.3.v20160715.jar;C:\Users\indrajeet.kumar\.m2\repository\io\netty\netty-transport-native-kqueue\4.1.67.Final\netty-transport-native-kqueue-4.1.67.Final.jar;C:\Users\indrajeet.kumar\.m2\repository\io\netty\netty-transport-native-unix-common\4.1.67.Final\netty-transport-native-unix-common-4.1.67.Final.jar;C:\Users\indrajeet.kumar\.m2\repository\io\netty\netty-transport-native-epoll\4.1.67.Final\netty-transport-native-epoll-4.1.67.Final.jar;C:\Users\indrajeet.kumar\.m2\repository\io\ktor\ktor-network-tls-certificates\1.3.1\ktor-network-tls-certificates-1.3.1.jar;C:\Users\indrajeet.kumar\.m2\repository\io\ktor\ktor-network-tls\1.3.1\ktor-network-tls-1.3.1.jar;C:\Users\indrajeet.kumar\.m2\repository\io\ktor\ktor-network\1.3.1\ktor-network-1.3.1.jar;C:\Users\indrajeet.kumar\.m2\repository\org\jetbrains\kotlin\kotlin-stdlib\1.5.21\kotlin-stdlib-1.5.21.jar;C:\Users\indrajeet.kumar\.m2\repository\org\jetbrains\annotations\13.0\annotations-13.0.jar;C:\Users\indrajeet.kumar\.m2\repository\org\jetbrains\kotlin\kotlin-stdlib-common\1.5.21\kotlin-stdlib-common-1.5.21.jar;C:\Users\indrajeet.kumar\.m2\repository\org\jetbrains\kotlin\kotlin-reflect\1.5.21\kotlin-reflect-1.5.21.jar;C:\Users\indrajeet.kumar\.m2\repository\org\slf4j\slf4j-api\1.7.32\slf4j-api-1.7.32.jar;C:\Users\indrajeet.kumar\.m2\repository\org\springframework\cloud\spring-cloud-contract-wiremock\2.2.4.RELEASE\spring-cloud-contract-wiremock-2.2.4.RELEASE.jar;C:\Users\indrajeet.kumar\.m2\repository\org\springframework\boot\spring-boot-starter\2.5.4\spring-boot-starter-2.5.4.jar;C:\Users\indrajeet.kumar\.m2\repository\org\springframework\boot\spring-boot\2.5.4\spring-boot-2.5.4.jar;C:\Users\indrajeet.kumar\.m2\repository\org\springframework\boot\spring-boot-autoconfigure\2.5.4\spring-boot-autoconfigure-2.5.4.jar;C:\Users\indrajeet.kumar\.m2\repository\org\springframework\boot\spring-boot-starter-logging\2.5.4\spring-boot-starter-logging-2.5.4.jar;C:\Users\indrajeet.kumar\.m2\repository\ch\qos\logback\logback-classic\1.2.5\logback-classic-1.2.5.jar;C:\Users\indrajeet.kumar\.m2\repository\ch\qos\logback\logback-core\1.2.5\logback-core-1.2.5.jar;C:\Users\indrajeet.kumar\.m2\repository\org\apache\logging\log4j\log4j-to-slf4j\2.14.1\log4j-to-slf4j-2.14.1.jar;C:\Users\indrajeet.kumar\.m2\repository\org\apache\logging\log4j\log4j-api\2.14.1\log4j-api-2.14.1.jar;C:\Users\indrajeet.kumar\.m2\repository\org\slf4j\jul-to-slf4j\1.7.32\jul-to-slf4j-1.7.32.jar;C:\Users\indrajeet.kumar\.m2\repository\jakarta\annotation\jakarta.annotation-api\1.3.5\jakarta.annotation-api-1.3.5.jar;C:\Users\indrajeet.kumar\.m2\repository\org\yaml\snakeyaml\1.28\snakeyaml-1.28.jar;C:\Users\indrajeet.kumar\.m2\repository\org\springframework\spring-web\5.3.9\spring-web-5.3.9.jar;C:\Users\indrajeet.kumar\.m2\repository\org\springframework\spring-beans\5.3.9\spring-beans-5.3.9.jar;C:\Users\indrajeet.kumar\.m2\repository\com\github\tomakehurst\wiremock-jre8-standalone\2.26.2\wiremock-jre8-standalone-2.26.2.jar;C:\Users\indrajeet.kumar\.m2\repository\org\apache\httpcomponents\httpclient\4.5.13\httpclient-4.5.13.jar;C:\Users\indrajeet.kumar\.m2\repository\org\apache\httpcomponents\httpcore\4.4.14\httpcore-4.4.14.jar;C:\Users\indrajeet.kumar\.m2\repository\commons-codec\commons-codec\1.15\commons-codec-1.15.jar;C:\Users\indrajeet.kumar\.m2\repository\org\assertj\assertj-core\3.19.0\assertj-core-3.19.0.jar;C:\Users\indrajeet.kumar\.m2\repository\org\springframework\cloud\spring-cloud-contract-stub-runner\2.2.4.RELEASE\spring-cloud-contract-stub-runner-2.2.4.RELEASE.jar;C:\Users\indrajeet.kumar\.m2\repository\org\springframework\cloud\spring-cloud-contract-verifier\2.2.4.RELEASE\spring-cloud-contract-verifier-2.2.4.RELEASE.jar;C:\Users\indrajeet.kumar\.m2\repository\com\fasterxml\jackson\core\jackson-databind\2.12.4\jackson-databind-2.12.4.jar;C:\Users\indrajeet.kumar\.m2\repository\com\fasterxml\jackson\core\jackson-annotations\2.12.4\jackson-annotations-2.12.4.jar;C:\Users\indrajeet.kumar\.m2\repository\com\fasterxml\jackson\core\jackson-core\2.12.4\jackson-core-2.12.4.jar;C:\Users\indrajeet.kumar\.m2\repository\javax\inject\javax.inject\1\javax.inject-1.jar;C:\Users\indrajeet.kumar\.m2\repository\com\toomuchcoding\jsonassert\jsonassert\0.4.14\jsonassert-0.4.14.jar;C:\Users\indrajeet.kumar\.m2\repository\org\apache\maven\resolver\maven-resolver-api\1.3.3\maven-resolver-api-1.3.3.jar;C:\Users\indrajeet.kumar\.m2\repository\com\rackspace\eclipse\webtools\sourceediting\org.eclipse.wst.xml.xpath2.processor\2.1.100\org.eclipse.wst.xml.xpath2.processor-2.1.100.jar;C:\Users\indrajeet.kumar\.m2\repository\edu\princeton\cup\java-cup\10k\java-cup-10k.jar;C:\Users\indrajeet.kumar\.m2\repository\com\ibm\icu\icu4j\4.6\icu4j-4.6.jar;C:\Users\indrajeet.kumar\.m2\repository\org\codehaus\groovy\groovy-nio\3.0.8\groovy-nio-3.0.8.jar;C:\Users\indrajeet.kumar\.m2\repository\org\codehaus\groovy\groovy-json\3.0.8\groovy-json-3.0.8.jar;C:\Users\indrajeet.kumar\.m2\repository\com\github\jknack\handlebars\4.1.2\handlebars-4.1.2.jar;C:\Users\indrajeet.kumar\.m2\repository\commons-beanutils\commons-beanutils\1.9.4\commons-beanutils-1.9.4.jar;C:\Users\indrajeet.kumar\.m2\repository\commons-collections\commons-collections\3.2.2\commons-collections-3.2.2.jar;C:\Users\indrajeet.kumar\.m2\repository\com\fasterxml\jackson\dataformat\jackson-dataformat-yaml\2.12.4\jackson-dataformat-yaml-2.12.4.jar;C:\Users\indrajeet.kumar\.m2\repository\org\springframework\cloud\spring-cloud-function-compiler\3.0.9.RELEASE\spring-cloud-function-compiler-3.0.9.RELEASE.jar;C:\Users\indrajeet.kumar\.m2\repository\io\projectreactor\reactor-core\3.4.9\reactor-core-3.4.9.jar;C:\Users\indrajeet.kumar\.m2\repository\org\reactivestreams\reactive-streams\1.0.3\reactive-streams-1.0.3.jar;C:\Users\indrajeet.kumar\.m2\repository\org\eclipse\jdt\core\compiler\ecj\4.4.2\ecj-4.4.2.jar;C:\Users\indrajeet.kumar\.m2\repository\org\springframework\cloud\spring-cloud-function-core\3.0.9.RELEASE\spring-cloud-function-core-3.0.9.RELEASE.jar;C:\Users\indrajeet.kumar\.m2\repository\javax\annotation\javax.annotation-api\1.3.2\javax.annotation-api-1.3.2.jar;C:\Users\indrajeet.kumar\.m2\repository\org\springframework\cloud\spring-cloud-contract-shade\2.2.4.RELEASE\spring-cloud-contract-shade-2.2.4.RELEASE.jar;C:\Users\indrajeet.kumar\.m2\repository\org\springframework\cloud\spring-cloud-contract-converters\2.2.4.RELEASE\spring-cloud-contract-converters-2.2.4.RELEASE.jar;C:\Users\indrajeet.kumar\.m2\repository\org\springframework\spring-context\5.3.9\spring-context-5.3.9.jar;C:\Users\indrajeet.kumar\.m2\repository\org\springframework\cloud\spring-cloud-contract-spec\2.2.4.RELEASE\spring-cloud-contract-spec-2.2.4.RELEASE.jar;C:\Users\indrajeet.kumar\.m2\repository\org\springframework\cloud\spring-cloud-contract-spec-java\2.2.4.RELEASE\spring-cloud-contract-spec-java-2.2.4.RELEASE.jar;C:\Users\indrajeet.kumar\.m2\repository\org\apache\commons\commons-text\1.7\commons-text-1.7.jar;C:\Users\indrajeet.kumar\.m2\repository\org\springframework\cloud\spring-cloud-contract-spec-groovy\2.2.4.RELEASE\spring-cloud-contract-spec-groovy-2.2.4.RELEASE.jar;C:\Users\indrajeet.kumar\.m2\repository\org\eclipse\jgit\org.eclipse.jgit\5.4.2.201908231537-r\org.eclipse.jgit-5.4.2.201908231537-r.jar;C:\Users\indrajeet.kumar\.m2\repository\com\jcraft\jsch\0.1.55\jsch-0.1.55.jar;C:\Users\indrajeet.kumar\.m2\repository\com\jcraft\jzlib\1.1.1\jzlib-1.1.1.jar;C:\Users\indrajeet.kumar\.m2\repository\com\googlecode\javaewah\JavaEWAH\1.1.6\JavaEWAH-1.1.6.jar;C:\Users\indrajeet.kumar\.m2\repository\org\bouncycastle\bcpg-jdk15on\1.61\bcpg-jdk15on-1.61.jar;C:\Users\indrajeet.kumar\.m2\repository\org\bouncycastle\bcprov-jdk15on\1.61\bcprov-jdk15on-1.61.jar;C:\Users\indrajeet.kumar\.m2\repository\org\bouncycastle\bcpkix-jdk15on\1.61\bcpkix-jdk15on-1.61.jar;C:\Users\indrajeet.kumar\.m2\repository\com\jcraft\jsch.agentproxy.sshagent\0.0.9\jsch.agentproxy.sshagent-0.0.9.jar;C:\Users\indrajeet.kumar\.m2\repository\com\jcraft\jsch.agentproxy.core\0.0.9\jsch.agentproxy.core-0.0.9.jar;C:\Users\indrajeet.kumar\.m2\repository\com\jcraft\jsch.agentproxy.jsch\0.0.9\jsch.agentproxy.jsch-0.0.9.jar;C:\Users\indrajeet.kumar\.m2\repository\com\jcraft\jsch.agentproxy.usocket-jna\0.0.9\jsch.agentproxy.usocket-jna-0.0.9.jar;C:\Users\indrajeet.kumar\.m2\repository\net\java\dev\jna\jna\4.1.0\jna-4.1.0.jar;C:\Users\indrajeet.kumar\.m2\repository\net\java\dev\jna\jna-platform\4.1.0\jna-platform-4.1.0.jar;C:\Users\indrajeet.kumar\.m2\repository\com\atlassian\ta\wiremock-pact-generator\2.4.0\wiremock-pact-generator-2.4.0.jar;C:\Users\indrajeet.kumar\.m2\repository\com\google\code\gson\gson\2.8.7\gson-2.8.7.jar;C:\Users\indrajeet.kumar\.m2\repository\io\rest-assured\rest-assured\4.3.1\rest-assured-4.3.1.jar;C:\Users\indrajeet.kumar\.m2\repository\org\codehaus\groovy\groovy\3.0.8\groovy-3.0.8.jar;C:\Users\indrajeet.kumar\.m2\repository\org\codehaus\groovy\groovy-xml\3.0.8\groovy-xml-3.0.8.jar;C:\Users\indrajeet.kumar\.m2\repository\org\apache\httpcomponents\httpmime\4.5.13\httpmime-4.5.13.jar;C:\Users\indrajeet.kumar\.m2\repository\org\hamcrest\hamcrest\2.2\hamcrest-2.2.jar;C:\Users\indrajeet.kumar\.m2\repository\org\ccil\cowan\tagsoup\tagsoup\1.2.1\tagsoup-1.2.1.jar;C:\Users\indrajeet.kumar\.m2\repository\io\rest-assured\json-path\4.3.3\json-path-4.3.3.jar;C:\Users\indrajeet.kumar\.m2\repository\io\rest-assured\rest-assured-common\4.3.3\rest-assured-common-4.3.3.jar;C:\Users\indrajeet.kumar\.m2\repository\io\rest-assured\xml-path\4.3.3\xml-path-4.3.3.jar;C:\Users\indrajeet.kumar\.m2\repository\org\apache\commons\commons-lang3\3.12.0\commons-lang3-3.12.0.jar;C:\Users\indrajeet.kumar\.m2\repository\com\sun\xml\bind\jaxb-impl\2.3.3\jaxb-impl-2.3.3.jar;C:\Users\indrajeet.kumar\.m2\repository\org\springframework\boot\spring-boot-starter-web\2.5.4\spring-boot-starter-web-2.5.4.jar;C:\Users\indrajeet.kumar\.m2\repository\org\springframework\boot\spring-boot-starter-json\2.5.4\spring-boot-starter-json-2.5.4.jar;C:\Users\indrajeet.kumar\.m2\repository\com\fasterxml\jackson\datatype\jackson-datatype-jdk8\2.12.4\jackson-datatype-jdk8-2.12.4.jar;C:\Users\indrajeet.kumar\.m2\repository\com\fasterxml\jackson\datatype\jackson-datatype-jsr310\2.12.4\jackson-datatype-jsr310-2.12.4.jar;C:\Users\indrajeet.kumar\.m2\repository\com\fasterxml\jackson\module\jackson-module-parameter-names\2.12.4\jackson-module-parameter-names-2.12.4.jar;C:\Users\indrajeet.kumar\.m2\repository\org\springframework\boot\spring-boot-starter-tomcat\2.5.4\spring-boot-starter-tomcat-2.5.4.jar;C:\Users\indrajeet.kumar\.m2\repository\org\apache\tomcat\embed\tomcat-embed-core\9.0.52\tomcat-embed-core-9.0.52.jar;C:\Users\indrajeet.kumar\.m2\repository\org\apache\tomcat\embed\tomcat-embed-el\9.0.52\tomcat-embed-el-9.0.52.jar;C:\Users\indrajeet.kumar\.m2\repository\org\apache\tomcat\embed\tomcat-embed-websocket\9.0.52\tomcat-embed-websocket-9.0.52.jar;C:\Users\indrajeet.kumar\.m2\repository\org\springframework\spring-webmvc\5.3.9\spring-webmvc-5.3.9.jar;C:\Users\indrajeet.kumar\.m2\repository\org\springframework\spring-aop\5.3.9\spring-aop-5.3.9.jar;C:\Users\indrajeet.kumar\.m2\repository\org\springframework\spring-expression\5.3.9\spring-expression-5.3.9.jar;C:\Users\indrajeet.kumar\.m2\repository\org\projectlombok\lombok\1.18.20\lombok-1.18.20.jar;C:\Users\indrajeet.kumar\.m2\repository\org\springframework\boot\spring-boot-starter-test\2.5.4\spring-boot-starter-test-2.5.4.jar;C:\Users\indrajeet.kumar\.m2\repository\org\springframework\boot\spring-boot-test\2.5.4\spring-boot-test-2.5.4.jar;C:\Users\indrajeet.kumar\.m2\repository\org\springframework\boot\spring-boot-test-autoconfigure\2.5.4\spring-boot-test-autoconfigure-2.5.4.jar;C:\Users\indrajeet.kumar\.m2\repository\com\jayway\jsonpath\json-path\2.5.0\json-path-2.5.0.jar;C:\Users\indrajeet.kumar\.m2\repository\net\minidev\json-smart\2.4.7\json-smart-2.4.7.jar;C:\Users\indrajeet.kumar\.m2\repository\net\minidev\accessors-smart\2.4.7\accessors-smart-2.4.7.jar;C:\Users\indrajeet.kumar\.m2\repository\org\ow2\asm\asm\9.1\asm-9.1.jar;C:\Users\indrajeet.kumar\.m2\repository\jakarta\xml\bind\jakarta.xml.bind-api\2.3.3\jakarta.xml.bind-api-2.3.3.jar;C:\Users\indrajeet.kumar\.m2\repository\jakarta\activation\jakarta.activation-api\1.2.2\jakarta.activation-api-1.2.2.jar;C:\Users\indrajeet.kumar\.m2\repository\org\junit\jupiter\junit-jupiter\5.7.2\junit-jupiter-5.7.2.jar;C:\Users\indrajeet.kumar\.m2\repository\org\junit\jupiter\junit-jupiter-params\5.7.2\junit-jupiter-params-5.7.2.jar;C:\Users\indrajeet.kumar\.m2\repository\org\junit\jupiter\junit-jupiter-engine\5.7.2\junit-jupiter-engine-5.7.2.jar;C:\Users\indrajeet.kumar\.m2\repository\org\junit\platform\junit-platform-engine\1.7.2\junit-platform-engine-1.7.2.jar;C:\Users\indrajeet.kumar\.m2\repository\org\mockito\mockito-core\3.9.0\mockito-core-3.9.0.jar;C:\Users\indrajeet.kumar\.m2\repository\net\bytebuddy\byte-buddy\1.10.22\byte-buddy-1.10.22.jar;C:\Users\indrajeet.kumar\.m2\repository\net\bytebuddy\byte-buddy-agent\1.10.22\byte-buddy-agent-1.10.22.jar;C:\Users\indrajeet.kumar\.m2\repository\org\objenesis\objenesis\3.2\objenesis-3.2.jar;C:\Users\indrajeet.kumar\.m2\repository\org\mockito\mockito-junit-jupiter\3.9.0\mockito-junit-jupiter-3.9.0.jar;C:\Users\indrajeet.kumar\.m2\repository\org\skyscreamer\jsonassert\1.5.0\jsonassert-1.5.0.jar;C:\Users\indrajeet.kumar\.m2\repository\com\vaadin\external\google\android-json\0.0.20131108.vaadin1\android-json-0.0.20131108.vaadin1.jar;C:\Users\indrajeet.kumar\.m2\repository\org\springframework\spring-core\5.3.9\spring-core-5.3.9.jar;C:\Users\indrajeet.kumar\.m2\repository\org\springframework\spring-jcl\5.3.9\spring-jcl-5.3.9.jar;C:\Users\indrajeet.kumar\.m2\repository\org\springframework\spring-test\5.3.9\spring-test-5.3.9.jar;C:\Users\indrajeet.kumar\.m2\repository\org\xmlunit\xmlunit-core\2.8.2\xmlunit-core-2.8.2.jar;"/>
    <property name="java.vm.vendor" value="Oracle Corporation"/>
    <property name="sun.arch.data.model" value="64"/>
    <property name="user.variant" value=""/>
    <property name="java.vendor.url" value="https://openjdk.java.net/"/>
    <property name="user.timezone" value="Asia/Calcutta"/>
    <property name="java.vm.specification.version" value="11"/>
    <property name="os.name" value="Windows 10"/>
    <property name="sun.java.launcher" value="SUN_STANDARD"/>
    <property name="user.country" value="US"/>
    <property name="sun.boot.library.path" value="C:\Program Files\Java\jdk-11.0.13\bin"/>
    <property name="sun.java.command" value="C:\Users\INDRAJ~1.KUM\AppData\Local\Temp\surefire12155269689649011200\surefirebooter168209954453468687.jar C:\Users\indrajeet.kumar\AppData\Local\Temp\surefire12155269689649011200 2022-10-25T20-15-21_858-jvmRun1 surefire5119160135730096513tmp surefire_06017192391399265282tmp"/>
    <property name="jdk.debug" value="release"/>
    <property name="surefire.test.class.path" value="C:\Users\indrajeet.kumar\pact-contract-testing\ContractTestingBoilerplate\age-consumer\target\test-classes;C:\Users\indrajeet.kumar\pact-contract-testing\ContractTestingBoilerplate\age-consumer\target\classes;C:\Users\indrajeet.kumar\.m2\repository\au\com\dius\pact\consumer\junit5\4.2.2\junit5-4.2.2.jar;C:\Users\indrajeet.kumar\.m2\repository\org\junit\jupiter\junit-jupiter-api\5.7.2\junit-jupiter-api-5.7.2.jar;C:\Users\indrajeet.kumar\.m2\repository\org\apiguardian\apiguardian-api\1.1.0\apiguardian-api-1.1.0.jar;C:\Users\indrajeet.kumar\.m2\repository\org\opentest4j\opentest4j\1.2.0\opentest4j-1.2.0.jar;C:\Users\indrajeet.kumar\.m2\repository\org\junit\platform\junit-platform-commons\1.7.2\junit-platform-commons-1.7.2.jar;C:\Users\indrajeet.kumar\.m2\repository\au\com\dius\pact\consumer\4.2.2\consumer-4.2.2.jar;C:\Users\indrajeet.kumar\.m2\repository\au\com\dius\pact\core\model\4.2.2\model-4.2.2.jar;C:\Users\indrajeet.kumar\.m2\repository\au\com\dius\pact\core\support\4.2.2\support-4.2.2.jar;C:\Users\indrajeet.kumar\.m2\repository\org\antlr\antlr4\4.7.2\antlr4-4.7.2.jar;C:\Users\indrajeet.kumar\.m2\repository\org\antlr\antlr4-runtime\4.7.2\antlr4-runtime-4.7.2.jar;C:\Users\indrajeet.kumar\.m2\repository\org\antlr\antlr-runtime\3.5.2\antlr-runtime-3.5.2.jar;C:\Users\indrajeet.kumar\.m2\repository\org\antlr\ST4\4.1\ST4-4.1.jar;C:\Users\indrajeet.kumar\.m2\repository\org\abego\treelayout\org.abego.treelayout.core\1.0.3\org.abego.treelayout.core-1.0.3.jar;C:\Users\indrajeet.kumar\.m2\repository\org\glassfish\javax.json\1.0.4\javax.json-1.0.4.jar;C:\Users\indrajeet.kumar\.m2\repository\io\github\microutils\kotlin-logging-jvm\2.0.3\kotlin-logging-jvm-2.0.3.jar;C:\Users\indrajeet.kumar\.m2\repository\com\michael-bull\kotlin-result\kotlin-result-jvm\1.1.9\kotlin-result-jvm-1.1.9.jar;C:\Users\indrajeet.kumar\.m2\repository\com\google\code\findbugs\jsr305\3.0.2\jsr305-3.0.2.jar;C:\Users\indrajeet.kumar\.m2\repository\au\com\dius\pact\core\pactbroker\4.2.2\pactbroker-4.2.2.jar;C:\Users\indrajeet.kumar\.m2\repository\com\google\guava\guava\30.1-jre\guava-30.1-jre.jar;C:\Users\indrajeet.kumar\.m2\repository\com\google\guava\failureaccess\1.0.1\failureaccess-1.0.1.jar;C:\Users\indrajeet.kumar\.m2\repository\com\google\guava\listenablefuture\9999.0-empty-to-avoid-conflict-with-guava\listenablefuture-9999.0-empty-to-avoid-conflict-with-guava.jar;C:\Users\indrajeet.kumar\.m2\repository\org\checkerframework\checker-qual\3.5.0\checker-qual-3.5.0.jar;C:\Users\indrajeet.kumar\.m2\repository\com\google\errorprone\error_prone_annotations\2.3.4\error_prone_annotations-2.3.4.jar;C:\Users\indrajeet.kumar\.m2\repository\com\google\j2objc\j2objc-annotations\1.3\j2objc-annotations-1.3.jar;C:\Users\indrajeet.kumar\.m2\repository\com\michael-bull\kotlin-result\kotlin-result\1.1.6\kotlin-result-1.1.6.jar;C:\Users\indrajeet.kumar\.m2\repository\org\apache\commons\commons-collections4\4.1\commons-collections4-4.1.jar;C:\Users\indrajeet.kumar\.m2\repository\com\github\mifmif\generex\1.0.2\generex-1.0.2.jar;C:\Users\indrajeet.kumar\.m2\repository\javax\mail\mail\1.5.0-b01\mail-1.5.0-b01.jar;C:\Users\indrajeet.kumar\.m2\repository\javax\activation\activation\1.1\activation-1.1.jar;C:\Users\indrajeet.kumar\.m2\repository\org\apache\tika\tika-core\1.24.1\tika-core-1.24.1.jar;C:\Users\indrajeet.kumar\.m2\repository\au\com\dius\pact\core\matchers\4.2.2\matchers-4.2.2.jar;C:\Users\indrajeet.kumar\.m2\repository\xerces\xercesImpl\2.12.0\xercesImpl-2.12.0.jar;C:\Users\indrajeet.kumar\.m2\repository\xml-apis\xml-apis\1.4.01\xml-apis-1.4.01.jar;C:\Users\indrajeet.kumar\.m2\repository\org\atteo\evo-inflector\1.2.2\evo-inflector-1.2.2.jar;C:\Users\indrajeet.kumar\.m2\repository\com\github\ajalt\mordant\1.2.1\mordant-1.2.1.jar;C:\Users\indrajeet.kumar\.m2\repository\com\github\ajalt\colormath\1.2.0\colormath-1.2.0.jar;C:\Users\indrajeet.kumar\.m2\repository\com\googlecode\java-diff-utils\diffutils\1.3.0\diffutils-1.3.0.jar;C:\Users\indrajeet.kumar\.m2\repository\dk\brics\automaton\automaton\1.11-8\automaton-1.11-8.jar;C:\Users\indrajeet.kumar\.m2\repository\org\json\json\20160212\json-20160212.jar;C:\Users\indrajeet.kumar\.m2\repository\io\netty\netty-handler\4.1.67.Final\netty-handler-4.1.67.Final.jar;C:\Users\indrajeet.kumar\.m2\repository\io\netty\netty-common\4.1.67.Final\netty-common-4.1.67.Final.jar;C:\Users\indrajeet.kumar\.m2\repository\io\netty\netty-resolver\4.1.67.Final\netty-resolver-4.1.67.Final.jar;C:\Users\indrajeet.kumar\.m2\repository\io\netty\netty-buffer\4.1.67.Final\netty-buffer-4.1.67.Final.jar;C:\Users\indrajeet.kumar\.m2\repository\io\netty\netty-transport\4.1.67.Final\netty-transport-4.1.67.Final.jar;C:\Users\indrajeet.kumar\.m2\repository\io\netty\netty-codec\4.1.67.Final\netty-codec-4.1.67.Final.jar;C:\Users\indrajeet.kumar\.m2\repository\org\apache\httpcomponents\fluent-hc\4.5.13\fluent-hc-4.5.13.jar;C:\Users\indrajeet.kumar\.m2\repository\commons-logging\commons-logging\1.2\commons-logging-1.2.jar;C:\Users\indrajeet.kumar\.m2\repository\io\ktor\ktor-server-netty\1.3.1\ktor-server-netty-1.3.1.jar;C:\Users\indrajeet.kumar\.m2\repository\org\jetbrains\kotlin\kotlin-stdlib-jdk7\1.5.21\kotlin-stdlib-jdk7-1.5.21.jar;C:\Users\indrajeet.kumar\.m2\repository\org\jetbrains\kotlin\kotlin-stdlib-jdk8\1.5.21\kotlin-stdlib-jdk8-1.5.21.jar;C:\Users\indrajeet.kumar\.m2\repository\org\jetbrains\kotlinx\atomicfu\0.14.1\atomicfu-0.14.1.jar;C:\Users\indrajeet.kumar\.m2\repository\org\jetbrains\kotlinx\kotlinx-coroutines-jdk8\1.5.1\kotlinx-coroutines-jdk8-1.5.1.jar;C:\Users\indrajeet.kumar\.m2\repository\org\jetbrains\kotlinx\kotlinx-coroutines-core-jvm\1.5.1\kotlinx-coroutines-core-jvm-1.5.1.jar;C:\Users\indrajeet.kumar\.m2\repository\org\jetbrains\kotlinx\kotlinx-coroutines-core\1.5.1\kotlinx-coroutines-core-1.5.1.jar;C:\Users\indrajeet.kumar\.m2\repository\io\ktor\ktor-server-host-common\1.3.1\ktor-server-host-common-1.3.1.jar;C:\Users\indrajeet.kumar\.m2\repository\io\ktor\ktor-server-core\1.3.1\ktor-server-core-1.3.1.jar;C:\Users\indrajeet.kumar\.m2\repository\io\ktor\ktor-utils-jvm\1.3.1\ktor-utils-jvm-1.3.1.jar;C:\Users\indrajeet.kumar\.m2\repository\io\ktor\ktor-io-jvm\1.3.1\ktor-io-jvm-1.3.1.jar;C:\Users\indrajeet.kumar\.m2\repository\io\ktor\ktor-http-jvm\1.3.1\ktor-http-jvm-1.3.1.jar;C:\Users\indrajeet.kumar\.m2\repository\com\typesafe\config\1.3.1\config-1.3.1.jar;C:\Users\indrajeet.kumar\.m2\repository\io\ktor\ktor-http-cio-jvm\1.3.1\ktor-http-cio-jvm-1.3.1.jar;C:\Users\indrajeet.kumar\.m2\repository\org\jetbrains\kotlinx\kotlinx-coroutines-core-common\1.3.3\kotlinx-coroutines-core-common-1.3.3.jar;C:\Users\indrajeet.kumar\.m2\repository\io\netty\netty-codec-http2\4.1.67.Final\netty-codec-http2-4.1.67.Final.jar;C:\Users\indrajeet.kumar\.m2\repository\io\netty\netty-codec-http\4.1.67.Final\netty-codec-http-4.1.67.Final.jar;C:\Users\indrajeet.kumar\.m2\repository\org\eclipse\jetty\alpn\alpn-api\1.1.3.v20160715\alpn-api-1.1.3.v20160715.jar;C:\Users\indrajeet.kumar\.m2\repository\io\netty\netty-transport-native-kqueue\4.1.67.Final\netty-transport-native-kqueue-4.1.67.Final.jar;C:\Users\indrajeet.kumar\.m2\repository\io\netty\netty-transport-native-unix-common\4.1.67.Final\netty-transport-native-unix-common-4.1.67.Final.jar;C:\Users\indrajeet.kumar\.m2\repository\io\netty\netty-transport-native-epoll\4.1.67.Final\netty-transport-native-epoll-4.1.67.Final.jar;C:\Users\indrajeet.kumar\.m2\repository\io\ktor\ktor-network-tls-certificates\1.3.1\ktor-network-tls-certificates-1.3.1.jar;C:\Users\indrajeet.kumar\.m2\repository\io\ktor\ktor-network-tls\1.3.1\ktor-network-tls-1.3.1.jar;C:\Users\indrajeet.kumar\.m2\repository\io\ktor\ktor-network\1.3.1\ktor-network-1.3.1.jar;C:\Users\indrajeet.kumar\.m2\repository\org\jetbrains\kotlin\kotlin-stdlib\1.5.21\kotlin-stdlib-1.5.21.jar;C:\Users\indrajeet.kumar\.m2\repository\org\jetbrains\annotations\13.0\annotations-13.0.jar;C:\Users\indrajeet.kumar\.m2\repository\org\jetbrains\kotlin\kotlin-stdlib-common\1.5.21\kotlin-stdlib-common-1.5.21.jar;C:\Users\indrajeet.kumar\.m2\repository\org\jetbrains\kotlin\kotlin-reflect\1.5.21\kotlin-reflect-1.5.21.jar;C:\Users\indrajeet.kumar\.m2\repository\org\slf4j\slf4j-api\1.7.32\slf4j-api-1.7.32.jar;C:\Users\indrajeet.kumar\.m2\repository\org\springframework\cloud\spring-cloud-contract-wiremock\2.2.4.RELEASE\spring-cloud-contract-wiremock-2.2.4.RELEASE.jar;C:\Users\indrajeet.kumar\.m2\repository\org\springframework\boot\spring-boot-starter\2.5.4\spring-boot-starter-2.5.4.jar;C:\Users\indrajeet.kumar\.m2\repository\org\springframework\boot\spring-boot\2.5.4\spring-boot-2.5.4.jar;C:\Users\indrajeet.kumar\.m2\repository\org\springframework\boot\spring-boot-autoconfigure\2.5.4\spring-boot-autoconfigure-2.5.4.jar;C:\Users\indrajeet.kumar\.m2\repository\org\springframework\boot\spring-boot-starter-logging\2.5.4\spring-boot-starter-logging-2.5.4.jar;C:\Users\indrajeet.kumar\.m2\repository\ch\qos\logback\logback-classic\1.2.5\logback-classic-1.2.5.jar;C:\Users\indrajeet.kumar\.m2\repository\ch\qos\logback\logback-core\1.2.5\logback-core-1.2.5.jar;C:\Users\indrajeet.kumar\.m2\repository\org\apache\logging\log4j\log4j-to-slf4j\2.14.1\log4j-to-slf4j-2.14.1.jar;C:\Users\indrajeet.kumar\.m2\repository\org\apache\logging\log4j\log4j-api\2.14.1\log4j-api-2.14.1.jar;C:\Users\indrajeet.kumar\.m2\repository\org\slf4j\jul-to-slf4j\1.7.32\jul-to-slf4j-1.7.32.jar;C:\Users\indrajeet.kumar\.m2\repository\jakarta\annotation\jakarta.annotation-api\1.3.5\jakarta.annotation-api-1.3.5.jar;C:\Users\indrajeet.kumar\.m2\repository\org\yaml\snakeyaml\1.28\snakeyaml-1.28.jar;C:\Users\indrajeet.kumar\.m2\repository\org\springframework\spring-web\5.3.9\spring-web-5.3.9.jar;C:\Users\indrajeet.kumar\.m2\repository\org\springframework\spring-beans\5.3.9\spring-beans-5.3.9.jar;C:\Users\indrajeet.kumar\.m2\repository\com\github\tomakehurst\wiremock-jre8-standalone\2.26.2\wiremock-jre8-standalone-2.26.2.jar;C:\Users\indrajeet.kumar\.m2\repository\org\apache\httpcomponents\httpclient\4.5.13\httpclient-4.5.13.jar;C:\Users\indrajeet.kumar\.m2\repository\org\apache\httpcomponents\httpcore\4.4.14\httpcore-4.4.14.jar;C:\Users\indrajeet.kumar\.m2\repository\commons-codec\commons-codec\1.15\commons-codec-1.15.jar;C:\Users\indrajeet.kumar\.m2\repository\org\assertj\assertj-core\3.19.0\assertj-core-3.19.0.jar;C:\Users\indrajeet.kumar\.m2\repository\org\springframework\cloud\spring-cloud-contract-stub-runner\2.2.4.RELEASE\spring-cloud-contract-stub-runner-2.2.4.RELEASE.jar;C:\Users\indrajeet.kumar\.m2\repository\org\springframework\cloud\spring-cloud-contract-verifier\2.2.4.RELEASE\spring-cloud-contract-verifier-2.2.4.RELEASE.jar;C:\Users\indrajeet.kumar\.m2\repository\com\fasterxml\jackson\core\jackson-databind\2.12.4\jackson-databind-2.12.4.jar;C:\Users\indrajeet.kumar\.m2\repository\com\fasterxml\jackson\core\jackson-annotations\2.12.4\jackson-annotations-2.12.4.jar;C:\Users\indrajeet.kumar\.m2\repository\com\fasterxml\jackson\core\jackson-core\2.12.4\jackson-core-2.12.4.jar;C:\Users\indrajeet.kumar\.m2\repository\javax\inject\javax.inject\1\javax.inject-1.jar;C:\Users\indrajeet.kumar\.m2\repository\com\toomuchcoding\jsonassert\jsonassert\0.4.14\jsonassert-0.4.14.jar;C:\Users\indrajeet.kumar\.m2\repository\org\apache\maven\resolver\maven-resolver-api\1.3.3\maven-resolver-api-1.3.3.jar;C:\Users\indrajeet.kumar\.m2\repository\com\rackspace\eclipse\webtools\sourceediting\org.eclipse.wst.xml.xpath2.processor\2.1.100\org.eclipse.wst.xml.xpath2.processor-2.1.100.jar;C:\Users\indrajeet.kumar\.m2\repository\edu\princeton\cup\java-cup\10k\java-cup-10k.jar;C:\Users\indrajeet.kumar\.m2\repository\com\ibm\icu\icu4j\4.6\icu4j-4.6.jar;C:\Users\indrajeet.kumar\.m2\repository\org\codehaus\groovy\groovy-nio\3.0.8\groovy-nio-3.0.8.jar;C:\Users\indrajeet.kumar\.m2\repository\org\codehaus\groovy\groovy-json\3.0.8\groovy-json-3.0.8.jar;C:\Users\indrajeet.kumar\.m2\repository\com\github\jknack\handlebars\4.1.2\handlebars-4.1.2.jar;C:\Users\indrajeet.kumar\.m2\repository\commons-beanutils\commons-beanutils\1.9.4\commons-beanutils-1.9.4.jar;C:\Users\indrajeet.kumar\.m2\repository\commons-collections\commons-collections\3.2.2\commons-collections-3.2.2.jar;C:\Users\indrajeet.kumar\.m2\repository\com\fasterxml\jackson\dataformat\jackson-dataformat-yaml\2.12.4\jackson-dataformat-yaml-2.12.4.jar;C:\Users\indrajeet.kumar\.m2\repository\org\springframework\cloud\spring-cloud-function-compiler\3.0.9.RELEASE\spring-cloud-function-compiler-3.0.9.RELEASE.jar;C:\Users\indrajeet.kumar\.m2\repository\io\projectreactor\reactor-core\3.4.9\reactor-core-3.4.9.jar;C:\Users\indrajeet.kumar\.m2\repository\org\reactivestreams\reactive-streams\1.0.3\reactive-streams-1.0.3.jar;C:\Users\indrajeet.kumar\.m2\repository\org\eclipse\jdt\core\compiler\ecj\4.4.2\ecj-4.4.2.jar;C:\Users\indrajeet.kumar\.m2\repository\org\springframework\cloud\spring-cloud-function-core\3.0.9.RELEASE\spring-cloud-function-core-3.0.9.RELEASE.jar;C:\Users\indrajeet.kumar\.m2\repository\javax\annotation\javax.annotation-api\1.3.2\javax.annotation-api-1.3.2.jar;C:\Users\indrajeet.kumar\.m2\repository\org\springframework\cloud\spring-cloud-contract-shade\2.2.4.RELEASE\spring-cloud-contract-shade-2.2.4.RELEASE.jar;C:\Users\indrajeet.kumar\.m2\repository\org\springframework\cloud\spring-cloud-contract-converters\2.2.4.RELEASE\spring-cloud-contract-converters-2.2.4.RELEASE.jar;C:\Users\indrajeet.kumar\.m2\repository\org\springframework\spring-context\5.3.9\spring-context-5.3.9.jar;C:\Users\indrajeet.kumar\.m2\repository\org\springframework\cloud\spring-cloud-contract-spec\2.2.4.RELEASE\spring-cloud-contract-spec-2.2.4.RELEASE.jar;C:\Users\indrajeet.kumar\.m2\repository\org\springframework\cloud\spring-cloud-contract-spec-java\2.2.4.RELEASE\spring-cloud-contract-spec-java-2.2.4.RELEASE.jar;C:\Users\indrajeet.kumar\.m2\repository\org\apache\commons\commons-text\1.7\commons-text-1.7.jar;C:\Users\indrajeet.kumar\.m2\repository\org\springframework\cloud\spring-cloud-contract-spec-groovy\2.2.4.RELEASE\spring-cloud-contract-spec-groovy-2.2.4.RELEASE.jar;C:\Users\indrajeet.kumar\.m2\repository\org\eclipse\jgit\org.eclipse.jgit\5.4.2.201908231537-r\org.eclipse.jgit-5.4.2.201908231537-r.jar;C:\Users\indrajeet.kumar\.m2\repository\com\jcraft\jsch\0.1.55\jsch-0.1.55.jar;C:\Users\indrajeet.kumar\.m2\repository\com\jcraft\jzlib\1.1.1\jzlib-1.1.1.jar;C:\Users\indrajeet.kumar\.m2\repository\com\googlecode\javaewah\JavaEWAH\1.1.6\JavaEWAH-1.1.6.jar;C:\Users\indrajeet.kumar\.m2\repository\org\bouncycastle\bcpg-jdk15on\1.61\bcpg-jdk15on-1.61.jar;C:\Users\indrajeet.kumar\.m2\repository\org\bouncycastle\bcprov-jdk15on\1.61\bcprov-jdk15on-1.61.jar;C:\Users\indrajeet.kumar\.m2\repository\org\bouncycastle\bcpkix-jdk15on\1.61\bcpkix-jdk15on-1.61.jar;C:\Users\indrajeet.kumar\.m2\repository\com\jcraft\jsch.agentproxy.sshagent\0.0.9\jsch.agentproxy.sshagent-0.0.9.jar;C:\Users\indrajeet.kumar\.m2\repository\com\jcraft\jsch.agentproxy.core\0.0.9\jsch.agentproxy.core-0.0.9.jar;C:\Users\indrajeet.kumar\.m2\repository\com\jcraft\jsch.agentproxy.jsch\0.0.9\jsch.agentproxy.jsch-0.0.9.jar;C:\Users\indrajeet.kumar\.m2\repository\com\jcraft\jsch.agentproxy.usocket-jna\0.0.9\jsch.agentproxy.usocket-jna-0.0.9.jar;C:\Users\indrajeet.kumar\.m2\repository\net\java\dev\jna\jna\4.1.0\jna-4.1.0.jar;C:\Users\indrajeet.kumar\.m2\repository\net\java\dev\jna\jna-platform\4.1.0\jna-platform-4.1.0.jar;C:\Users\indrajeet.kumar\.m2\repository\com\atlassian\ta\wiremock-pact-generator\2.4.0\wiremock-pact-generator-2.4.0.jar;C:\Users\indrajeet.kumar\.m2\repository\com\google\code\gson\gson\2.8.7\gson-2.8.7.jar;C:\Users\indrajeet.kumar\.m2\repository\io\rest-assured\rest-assured\4.3.1\rest-assured-4.3.1.jar;C:\Users\indrajeet.kumar\.m2\repository\org\codehaus\groovy\groovy\3.0.8\groovy-3.0.8.jar;C:\Users\indrajeet.kumar\.m2\repository\org\codehaus\groovy\groovy-xml\3.0.8\groovy-xml-3.0.8.jar;C:\Users\indrajeet.kumar\.m2\repository\org\apache\httpcomponents\httpmime\4.5.13\httpmime-4.5.13.jar;C:\Users\indrajeet.kumar\.m2\repository\org\hamcrest\hamcrest\2.2\hamcrest-2.2.jar;C:\Users\indrajeet.kumar\.m2\repository\org\ccil\cowan\tagsoup\tagsoup\1.2.1\tagsoup-1.2.1.jar;C:\Users\indrajeet.kumar\.m2\repository\io\rest-assured\json-path\4.3.3\json-path-4.3.3.jar;C:\Users\indrajeet.kumar\.m2\repository\io\rest-assured\rest-assured-common\4.3.3\rest-assured-common-4.3.3.jar;C:\Users\indrajeet.kumar\.m2\repository\io\rest-assured\xml-path\4.3.3\xml-path-4.3.3.jar;C:\Users\indrajeet.kumar\.m2\repository\org\apache\commons\commons-lang3\3.12.0\commons-lang3-3.12.0.jar;C:\Users\indrajeet.kumar\.m2\repository\com\sun\xml\bind\jaxb-impl\2.3.3\jaxb-impl-2.3.3.jar;C:\Users\indrajeet.kumar\.m2\repository\org\springframework\boot\spring-boot-starter-web\2.5.4\spring-boot-starter-web-2.5.4.jar;C:\Users\indrajeet.kumar\.m2\repository\org\springframework\boot\spring-boot-starter-json\2.5.4\spring-boot-starter-json-2.5.4.jar;C:\Users\indrajeet.kumar\.m2\repository\com\fasterxml\jackson\datatype\jackson-datatype-jdk8\2.12.4\jackson-datatype-jdk8-2.12.4.jar;C:\Users\indrajeet.kumar\.m2\repository\com\fasterxml\jackson\datatype\jackson-datatype-jsr310\2.12.4\jackson-datatype-jsr310-2.12.4.jar;C:\Users\indrajeet.kumar\.m2\repository\com\fasterxml\jackson\module\jackson-module-parameter-names\2.12.4\jackson-module-parameter-names-2.12.4.jar;C:\Users\indrajeet.kumar\.m2\repository\org\springframework\boot\spring-boot-starter-tomcat\2.5.4\spring-boot-starter-tomcat-2.5.4.jar;C:\Users\indrajeet.kumar\.m2\repository\org\apache\tomcat\embed\tomcat-embed-core\9.0.52\tomcat-embed-core-9.0.52.jar;C:\Users\indrajeet.kumar\.m2\repository\org\apache\tomcat\embed\tomcat-embed-el\9.0.52\tomcat-embed-el-9.0.52.jar;C:\Users\indrajeet.kumar\.m2\repository\org\apache\tomcat\embed\tomcat-embed-websocket\9.0.52\tomcat-embed-websocket-9.0.52.jar;C:\Users\indrajeet.kumar\.m2\repository\org\springframework\spring-webmvc\5.3.9\spring-webmvc-5.3.9.jar;C:\Users\indrajeet.kumar\.m2\repository\org\springframework\spring-aop\5.3.9\spring-aop-5.3.9.jar;C:\Users\indrajeet.kumar\.m2\repository\org\springframework\spring-expression\5.3.9\spring-expression-5.3.9.jar;C:\Users\indrajeet.kumar\.m2\repository\org\projectlombok\lombok\1.18.20\lombok-1.18.20.jar;C:\Users\indrajeet.kumar\.m2\repository\org\springframework\boot\spring-boot-starter-test\2.5.4\spring-boot-starter-test-2.5.4.jar;C:\Users\indrajeet.kumar\.m2\repository\org\springframework\boot\spring-boot-test\2.5.4\spring-boot-test-2.5.4.jar;C:\Users\indrajeet.kumar\.m2\repository\org\springframework\boot\spring-boot-test-autoconfigure\2.5.4\spring-boot-test-autoconfigure-2.5.4.jar;C:\Users\indrajeet.kumar\.m2\repository\com\jayway\jsonpath\json-path\2.5.0\json-path-2.5.0.jar;C:\Users\indrajeet.kumar\.m2\repository\net\minidev\json-smart\2.4.7\json-smart-2.4.7.jar;C:\Users\indrajeet.kumar\.m2\repository\net\minidev\accessors-smart\2.4.7\accessors-smart-2.4.7.jar;C:\Users\indrajeet.kumar\.m2\repository\org\ow2\asm\asm\9.1\asm-9.1.jar;C:\Users\indrajeet.kumar\.m2\repository\jakarta\xml\bind\jakarta.xml.bind-api\2.3.3\jakarta.xml.bind-api-2.3.3.jar;C:\Users\indrajeet.kumar\.m2\repository\jakarta\activation\jakarta.activation-api\1.2.2\jakarta.activation-api-1.2.2.jar;C:\Users\indrajeet.kumar\.m2\repository\org\junit\jupiter\junit-jupiter\5.7.2\junit-jupiter-5.7.2.jar;C:\Users\indrajeet.kumar\.m2\repository\org\junit\jupiter\junit-jupiter-params\5.7.2\junit-jupiter-params-5.7.2.jar;C:\Users\indrajeet.kumar\.m2\repository\org\junit\jupiter\junit-jupiter-engine\5.7.2\junit-jupiter-engine-5.7.2.jar;C:\Users\indrajeet.kumar\.m2\repository\org\junit\platform\junit-platform-engine\1.7.2\junit-platform-engine-1.7.2.jar;C:\Users\indrajeet.kumar\.m2\repository\org\mockito\mockito-core\3.9.0\mockito-core-3.9.0.jar;C:\Users\indrajeet.kumar\.m2\repository\net\bytebuddy\byte-buddy\1.10.22\byte-buddy-1.10.22.jar;C:\Users\indrajeet.kumar\.m2\repository\net\bytebuddy\byte-buddy-agent\1.10.22\byte-buddy-agent-1.10.22.jar;C:\Users\indrajeet.kumar\.m2\repository\org\objenesis\objenesis\3.2\objenesis-3.2.jar;C:\Users\indrajeet.kumar\.m2\repository\org\mockito\mockito-junit-jupiter\3.9.0\mockito-junit-jupiter-3.9.0.jar;C:\Users\indrajeet.kumar\.m2\repository\org\skyscreamer\jsonassert\1.5.0\jsonassert-1.5.0.jar;C:\Users\indrajeet.kumar\.m2\repository\com\vaadin\external\google\android-json\0.0.20131108.vaadin1\android-json-0.0.20131108.vaadin1.jar;C:\Users\indrajeet.kumar\.m2\repository\org\springframework\spring-core\5.3.9\spring-core-5.3.9.jar;C:\Users\indrajeet.kumar\.m2\repository\org\springframework\spring-jcl\5.3.9\spring-jcl-5.3.9.jar;C:\Users\indrajeet.kumar\.m2\repository\org\springframework\spring-test\5.3.9\spring-test-5.3.9.jar;C:\Users\indrajeet.kumar\.m2\repository\org\xmlunit\xmlunit-core\2.8.2\xmlunit-core-2.8.2.jar;"/>
    <property name="sun.cpu.endian" value="little"/>
    <property name="user.home" value="C:\Users\indrajeet.kumar"/>
    <property name="user.language" value="en"/>
    <property name="java.specification.vendor" value="Oracle Corporation"/>
    <property name="java.version.date" value="2021-10-19"/>
    <property name="java.home" value="C:\Program Files\Java\jdk-11.0.13"/>
    <property name="file.separator" value="\"/>
    <property name="basedir" value="C:\Users\indrajeet.kumar\pact-contract-testing\ContractTestingBoilerplate\age-consumer"/>
    <property name="java.vm.compressedOopsMode" value="Zero based"/>
    <property name="line.separator" value="&#10;"/>
    <property name="java.specification.name" value="Java Platform API Specification"/>
    <property name="java.vm.specification.vendor" value="Oracle Corporation"/>
    <property name="java.awt.graphicsenv" value="sun.awt.Win32GraphicsEnvironment"/>
    <property name="surefire.real.class.path" value="C:\Users\INDRAJ~1.KUM\AppData\Local\Temp\surefire12155269689649011200\surefirebooter168209954453468687.jar"/>
    <property name="user.script" value=""/>
    <property name="sun.management.compiler" value="HotSpot 64-Bit Tiered Compilers"/>
    <property name="java.runtime.version" value="11.0.13+10-LTS-370"/>
    <property name="user.name" value="indrajeet.kumar"/>
    <property name="path.separator" value=";"/>
    <property name="os.version" value="10.0"/>
    <property name="java.runtime.name" value="Java(TM) SE Runtime Environment"/>
    <property name="file.encoding" value="Cp1252"/>
    <property name="java.vm.name" value="Java HotSpot(TM) 64-Bit Server VM"/>
    <property name="java.vendor.version" value="18.9"/>
    <property name="localRepository" value="C:\Users\indrajeet.kumar\.m2\repository"/>
    <property name="java.vendor.url.bug" value="https://bugreport.java.com/bugreport/"/>
    <property name="java.io.tmpdir" value="C:\Users\INDRAJ~1.KUM\AppData\Local\Temp\"/>
    <property name="java.version" value="11.0.13"/>
    <property name="user.dir" value="C:\Users\indrajeet.kumar\pact-contract-testing\ContractTestingBoilerplate\age-consumer"/>
    <property name="os.arch" value="amd64"/>
    <property name="java.vm.specification.name" value="Java Virtual Machine Specification"/>
    <property name="java.awt.printerjob" value="sun.awt.windows.WPrinterJob"/>
    <property name="sun.os.patch.level" value=""/>
    <property name="java.library.path" value="C:\Program Files\Java\jdk-11.0.13\bin;C:\WINDOWS\Sun\Java\bin;C:\WINDOWS\system32;C:\WINDOWS;C:\Users\indrajeet.kumar\bin;C:\Users\indrajeet.kumar\AppData\Local\Programs\Git\mingw64\bin;C:\Users\indrajeet.kumar\AppData\Local\Programs\Git\usr\local\bin;C:\Users\indrajeet.kumar\AppData\Local\Programs\Git\usr\bin;C:\Users\indrajeet.kumar\AppData\Local\Programs\Git\usr\bin;C:\Users\indrajeet.kumar\AppData\Local\Programs\Git\mingw64\bin;C:\Users\indrajeet.kumar\AppData\Local\Programs\Git\usr\bin;C:\Users\indrajeet.kumar\bin;C:\Program Files\Common Files\Oracle\Java\javapath;C:\ProgramData\Oracle\Java\javapath;C:\WINDOWS\system32;C:\WINDOWS;C:\WINDOWS\System32\Wbem;C:\WINDOWS\System32\WindowsPowerShell\v1.0;C:\WINDOWS\System32\OpenSSH;C:\Program Files (x86)\Box\Box Edit;C:\Users\indrajeet.kumar\Downloads\mysql-8.0.27-winx64\mysql-8.0.27-winx64\bin;C:\Users\indrajeet.kumar\Downloads\software\apache-maven-3.8.3-bin\apache-maven-3.8.3\bin;C:\Program Files\Docker\Docker\resources\bin;C:\ProgramData\DockerDesktop\version-bin;C:\Users\indrajeet.kumar\AppData\Local\Microsoft\WindowsApps;C:\Users\indrajeet.kumar\AppData\Local\Programs\Git\cmd;C:\Users\indrajeet.kumar\AppData\Local\Programs\Git\usr\bin\vendor_perl;C:\Users\indrajeet.kumar\AppData\Local\Programs\Git\usr\bin\core_perl;."/>
    <property name="java.vendor" value="Oracle Corporation"/>
    <property name="java.vm.info" value="mixed mode"/>
    <property name="java.vm.version" value="11.0.13+10-LTS-370"/>
    <property name="sun.io.unicode.encoding" value="UnicodeLittle"/>
    <property name="java.class.version" value="55.0"/>
  </properties>
  <testcase name="shouldCalculateAgeForAGivenValidBirthDate" classname="com.example.ageconsumer.integration.AgeConsumerTest" time="0.009">
    <error message="Failed to load ApplicationContext" type="java.lang.IllegalStateException">java.lang.IllegalStateException: Failed to load ApplicationContext
Caused by: org.springframework.context.ApplicationContextException: Failed to start bean 'webServerStartStop'; nested exception is org.springframework.boot.web.server.PortInUseException: Port 8081 is already in use
Caused by: org.springframework.boot.web.server.PortInUseException: Port 8081 is already in use
Caused by: java.lang.IllegalArgumentException: standardService.connector.startFailed
Caused by: org.apache.catalina.LifecycleException: Protocol handler start failed
Caused by: java.net.BindException: Address already in use: bind
</error>
    <system-out><![CDATA[20:15:23.217 [main] DEBUG org.springframework.test.context.BootstrapUtils - Instantiating CacheAwareContextLoaderDelegate from class [org.springframework.test.context.cache.DefaultCacheAwareContextLoaderDelegate]
20:15:23.230 [main] DEBUG org.springframework.test.context.BootstrapUtils - Instantiating BootstrapContext using constructor [public org.springframework.test.context.support.DefaultBootstrapContext(java.lang.Class,org.springframework.test.context.CacheAwareContextLoaderDelegate)]
20:15:23.269 [main] DEBUG org.springframework.test.context.BootstrapUtils - Instantiating TestContextBootstrapper for test class [com.example.ageconsumer.integration.AgeConsumerTest] from class [org.springframework.boot.test.context.SpringBootTestContextBootstrapper]
20:15:23.286 [main] INFO org.springframework.boot.test.context.SpringBootTestContextBootstrapper - Neither @ContextConfiguration nor @ContextHierarchy found for test class [com.example.ageconsumer.integration.AgeConsumerTest], using SpringBootContextLoader
20:15:23.289 [main] DEBUG org.springframework.test.context.support.AbstractContextLoader - Did not detect default resource location for test class [com.example.ageconsumer.integration.AgeConsumerTest]: class path resource [com/example/ageconsumer/integration/AgeConsumerTest-context.xml] does not exist
20:15:23.290 [main] DEBUG org.springframework.test.context.support.AbstractContextLoader - Did not detect default resource location for test class [com.example.ageconsumer.integration.AgeConsumerTest]: class path resource [com/example/ageconsumer/integration/AgeConsumerTestContext.groovy] does not exist
20:15:23.291 [main] INFO org.springframework.test.context.support.AbstractContextLoader - Could not detect default resource locations for test class [com.example.ageconsumer.integration.AgeConsumerTest]: no resource found for suffixes {-context.xml, Context.groovy}.
20:15:23.347 [main] DEBUG org.springframework.test.context.support.ActiveProfilesUtils - Could not find an 'annotation declaring class' for annotation type [org.springframework.test.context.ActiveProfiles] and class [com.example.ageconsumer.integration.AgeConsumerTest]
20:15:23.463 [main] DEBUG org.springframework.boot.test.context.SpringBootTestContextBootstrapper - @TestExecutionListeners is not present for class [com.example.ageconsumer.integration.AgeConsumerTest]: using defaults.
20:15:23.464 [main] INFO org.springframework.boot.test.context.SpringBootTestContextBootstrapper - Loaded default TestExecutionListener class names from location [META-INF/spring.factories]: [org.springframework.cloud.contract.wiremock.WireMockTestExecutionListener, org.springframework.cloud.contract.stubrunner.provider.wiremock.StubRunnerWireMockTestExecutionListener, org.springframework.boot.test.mock.mockito.MockitoTestExecutionListener, org.springframework.boot.test.mock.mockito.ResetMocksTestExecutionListener, org.springframework.boot.test.autoconfigure.restdocs.RestDocsTestExecutionListener, org.springframework.boot.test.autoconfigure.web.client.MockRestServiceServerResetTestExecutionListener, org.springframework.boot.test.autoconfigure.web.servlet.MockMvcPrintOnlyOnFailureTestExecutionListener, org.springframework.boot.test.autoconfigure.web.servlet.WebDriverTestExecutionListener, org.springframework.boot.test.autoconfigure.webservices.client.MockWebServiceServerTestExecutionListener, org.springframework.test.context.web.ServletTestExecutionListener, org.springframework.test.context.support.DirtiesContextBeforeModesTestExecutionListener, org.springframework.test.context.event.ApplicationEventsTestExecutionListener, org.springframework.test.context.support.DependencyInjectionTestExecutionListener, org.springframework.test.context.support.DirtiesContextTestExecutionListener, org.springframework.test.context.transaction.TransactionalTestExecutionListener, org.springframework.test.context.jdbc.SqlScriptsTestExecutionListener, org.springframework.test.context.event.EventPublishingTestExecutionListener]
20:15:23.481 [main] DEBUG org.springframework.boot.test.context.SpringBootTestContextBootstrapper - Skipping candidate TestExecutionListener [org.springframework.test.context.transaction.TransactionalTestExecutionListener] due to a missing dependency. Specify custom listener classes or make the default listener classes and their required dependencies available. Offending class: [org/springframework/transaction/interceptor/TransactionAttributeSource]
20:15:23.481 [main] DEBUG org.springframework.boot.test.context.SpringBootTestContextBootstrapper - Skipping candidate TestExecutionListener [org.springframework.test.context.jdbc.SqlScriptsTestExecutionListener] due to a missing dependency. Specify custom listener classes or make the default listener classes and their required dependencies available. Offending class: [org/springframework/transaction/interceptor/TransactionAttribute]
20:15:23.482 [main] INFO org.springframework.boot.test.context.SpringBootTestContextBootstrapper - Using TestExecutionListeners: [org.springframework.test.context.web.ServletTestExecutionListener@3dd1dc90, org.springframework.test.context.support.DirtiesContextBeforeModesTestExecutionListener@abf688e, org.springframework.test.context.event.ApplicationEventsTestExecutionListener@478ee483, org.springframework.boot.test.mock.mockito.MockitoTestExecutionListener@1a7288a3, org.springframework.boot.test.autoconfigure.SpringBootDependencyInjectionTestExecutionListener@2974f221, org.springframework.test.context.support.DirtiesContextTestExecutionListener@58fe0499, org.springframework.test.context.event.EventPublishingTestExecutionListener@686449f9, org.springframework.boot.test.mock.mockito.ResetMocksTestExecutionListener@665df3c6, org.springframework.boot.test.autoconfigure.restdocs.RestDocsTestExecutionListener@68b6f0d6, org.springframework.boot.test.autoconfigure.web.client.MockRestServiceServerResetTestExecutionListener@4044fb95, org.springframework.boot.test.autoconfigure.web.servlet.MockMvcPrintOnlyOnFailureTestExecutionListener@aa549e5, org.springframework.boot.test.autoconfigure.web.servlet.WebDriverTestExecutionListener@36f48b4, org.springframework.boot.test.autoconfigure.webservices.client.MockWebServiceServerTestExecutionListener@5c00384f, org.springframework.cloud.contract.wiremock.WireMockTestExecutionListener@3b7ff809, org.springframework.cloud.contract.stubrunner.provider.wiremock.StubRunnerWireMockTestExecutionListener@1bb564e2]
20:15:23.486 [main] DEBUG org.springframework.test.context.support.AbstractDirtiesContextTestExecutionListener - Before test class: context [DefaultTestContext@a5bd950 testClass = AgeConsumerTest, testInstance = [null], testMethod = [null], testException = [null], mergedContextConfiguration = [WebMergedContextConfiguration@4d18aa28 testClass = AgeConsumerTest, locations = '{}', classes = '{class com.example.ageconsumer.AgeApplication}', contextInitializerClasses = '[]', activeProfiles = '{}', propertySourceLocations = '{}', propertySourceProperties = '{org.springframework.boot.test.context.SpringBootTestContextBootstrapper=true}', contextCustomizers = set[org.springframework.boot.test.context.filter.ExcludeFilterContextCustomizer@4671115f, org.springframework.boot.test.json.DuplicateJsonObjectContextCustomizerFactory$DuplicateJsonObjectContextCustomizer@1583741e, org.springframework.boot.test.mock.mockito.MockitoContextCustomizer@0, org.springframework.boot.test.web.client.TestRestTemplateContextCustomizer@1fb669c3, org.springframework.boot.test.autoconfigure.actuate.metrics.MetricsExportContextCustomizerFactory$DisableMetricExportContextCustomizer@68702e03, org.springframework.boot.test.autoconfigure.properties.PropertyMappingContextCustomizer@0, org.springframework.boot.test.autoconfigure.web.servlet.WebDriverContextCustomizerFactory$Customizer@d41f816, org.springframework.boot.test.context.SpringBootTestArgs@1, org.springframework.boot.test.context.SpringBootTestWebEnvironment@351d00c0], resourceBasePath = 'src/main/webapp', contextLoader = 'org.springframework.boot.test.context.SpringBootContextLoader', parent = [null]], attributes = map['org.springframework.test.context.web.ServletTestExecutionListener.activateListener' -> false]], class annotated with @DirtiesContext [false] with mode [null].
20:15:23.536 [main] DEBUG org.springframework.test.context.support.TestPropertySourceUtils - Adding inlined properties to environment: {spring.jmx.enabled=false, org.springframework.boot.test.context.SpringBootTestContextBootstrapper=true}

  .   ____          _            __ _ _
 /\\ / ___'_ __ _ _(_)_ __  __ _ \ \ \ \
( ( )\___ | '_ | '_| | '_ \/ _` | \ \ \ \
 \\/  ___)| |_)| | | | | || (_| |  ) ) ) )
  '  |____| .__|_| |_|_| |_\__, | / / / /
 =========|_|==============|___/=/_/_/_/
 :: Spring Boot ::                (v2.5.4)

2022-10-25 20:15:23.919  WARN 13328 --- [           main] ory$DuplicateJsonObjectContextCustomizer : 

Found multiple occurrences of org.json.JSONObject on the class path:

	jar:file:/C:/Users/indrajeet.kumar/.m2/repository/org/json/json/20160212/json-20160212.jar!/org/json/JSONObject.class
	jar:file:/C:/Users/indrajeet.kumar/.m2/repository/com/vaadin/external/google/android-json/0.0.20131108.vaadin1/android-json-0.0.20131108.vaadin1.jar!/org/json/JSONObject.class

You may wish to exclude one of them to ensure predictable runtime behavior

2022-10-25 20:15:23.937  INFO 13328 --- [           main] c.e.a.integration.AgeConsumerTest        : Starting AgeConsumerTest using Java 11.0.13 on RINPC822 with PID 13328 (started by indrajeet.kumar in C:\Users\indrajeet.kumar\pact-contract-testing\ContractTestingBoilerplate\age-consumer)
2022-10-25 20:15:23.940  INFO 13328 --- [           main] c.e.a.integration.AgeConsumerTest        : No active profile set, falling back to default profiles: default
2022-10-25 20:15:25.760  INFO 13328 --- [           main] o.s.b.w.embedded.tomcat.TomcatWebServer  : Tomcat initialized with port(s): 8081 (http)
2022-10-25 20:15:25.777  INFO 13328 --- [           main] o.apache.catalina.core.StandardService   : Starting service [Tomcat]
2022-10-25 20:15:25.777  INFO 13328 --- [           main] org.apache.catalina.core.StandardEngine  : Starting Servlet engine: [Apache Tomcat/9.0.52]
2022-10-25 20:15:26.026  INFO 13328 --- [           main] o.a.c.c.C.[Tomcat].[localhost].[/]       : Initializing Spring embedded WebApplicationContext
2022-10-25 20:15:26.026  INFO 13328 --- [           main] w.s.c.ServletWebServerApplicationContext : Root WebApplicationContext: initialization completed in 1755 ms
2022-10-25 20:15:27.411  WARN 13328 --- [           main] ConfigServletWebServerApplicationContext : Exception encountered during context initialization - cancelling refresh attempt: org.springframework.context.ApplicationContextException: Failed to start bean 'webServerStartStop'; nested exception is org.springframework.boot.web.server.PortInUseException: Port 8081 is already in use
2022-10-25 20:15:27.414  INFO 13328 --- [           main] o.apache.catalina.core.StandardService   : Stopping service [Tomcat]
2022-10-25 20:15:27.427  INFO 13328 --- [           main] ConditionEvaluationReportLoggingListener : 

Error starting ApplicationContext. To display the conditions report re-run your application with 'debug' enabled.
2022-10-25 20:15:27.452 ERROR 13328 --- [           main] o.s.b.d.LoggingFailureAnalysisReporter   : 

***************************
APPLICATION FAILED TO START
***************************

Description:

Web server failed to start. Port 8081 was already in use.

Action:

Identify and stop the process that's listening on port 8081 or configure this application to listen on another port.


  .   ____          _            __ _ _
 /\\ / ___'_ __ _ _(_)_ __  __ _ \ \ \ \
( ( )\___ | '_ | '_| | '_ \/ _` | \ \ \ \
 \\/  ___)| |_)| | | | | || (_| |  ) ) ) )
  '  |____| .__|_| |_|_| |_\__, | / / / /
 =========|_|==============|___/=/_/_/_/
 :: Spring Boot ::                (v2.5.4)

2022-10-25 20:15:27.504  WARN 13328 --- [           main] ory$DuplicateJsonObjectContextCustomizer : 

Found multiple occurrences of org.json.JSONObject on the class path:

	jar:file:/C:/Users/indrajeet.kumar/.m2/repository/org/json/json/20160212/json-20160212.jar!/org/json/JSONObject.class
	jar:file:/C:/Users/indrajeet.kumar/.m2/repository/com/vaadin/external/google/android-json/0.0.20131108.vaadin1/android-json-0.0.20131108.vaadin1.jar!/org/json/JSONObject.class

You may wish to exclude one of them to ensure predictable runtime behavior

2022-10-25 20:15:27.506  INFO 13328 --- [           main] c.e.a.integration.AgeConsumerTest        : Starting AgeConsumerTest using Java 11.0.13 on RINPC822 with PID 13328 (started by indrajeet.kumar in C:\Users\indrajeet.kumar\pact-contract-testing\ContractTestingBoilerplate\age-consumer)
2022-10-25 20:15:27.507  INFO 13328 --- [           main] c.e.a.integration.AgeConsumerTest        : No active profile set, falling back to default profiles: default
2022-10-25 20:15:27.832  INFO 13328 --- [           main] o.s.b.w.embedded.tomcat.TomcatWebServer  : Tomcat initialized with port(s): 8081 (http)
2022-10-25 20:15:27.833  INFO 13328 --- [           main] o.apache.catalina.core.StandardService   : Starting service [Tomcat]
2022-10-25 20:15:27.833  INFO 13328 --- [           main] org.apache.catalina.core.StandardEngine  : Starting Servlet engine: [Apache Tomcat/9.0.52]
2022-10-25 20:15:27.920  INFO 13328 --- [           main] o.a.c.c.C.[Tomcat-1].[localhost].[/]     : Initializing Spring embedded WebApplicationContext
2022-10-25 20:15:27.920  INFO 13328 --- [           main] w.s.c.ServletWebServerApplicationContext : Root WebApplicationContext: initialization completed in 408 ms
2022-10-25 20:15:28.338  WARN 13328 --- [           main] ConfigServletWebServerApplicationContext : Exception encountered during context initialization - cancelling refresh attempt: org.springframework.context.ApplicationContextException: Failed to start bean 'webServerStartStop'; nested exception is org.springframework.boot.web.server.PortInUseException: Port 8081 is already in use
2022-10-25 20:15:28.339  INFO 13328 --- [           main] o.apache.catalina.core.StandardService   : Stopping service [Tomcat]
2022-10-25 20:15:28.344  INFO 13328 --- [           main] ConditionEvaluationReportLoggingListener : 

Error starting ApplicationContext. To display the conditions report re-run your application with 'debug' enabled.
2022-10-25 20:15:28.347 ERROR 13328 --- [           main] o.s.b.d.LoggingFailureAnalysisReporter   : 

***************************
APPLICATION FAILED TO START
***************************

Description:

Web server failed to start. Port 8081 was already in use.

Action:

Identify and stop the process that's listening on port 8081 or configure this application to listen on another port.


  .   ____          _            __ _ _
 /\\ / ___'_ __ _ _(_)_ __  __ _ \ \ \ \
( ( )\___ | '_ | '_| | '_ \/ _` | \ \ \ \
 \\/  ___)| |_)| | | | | || (_| |  ) ) ) )
  '  |____| .__|_| |_|_| |_\__, | / / / /
 =========|_|==============|___/=/_/_/_/
 :: Spring Boot ::                (v2.5.4)

2022-10-25 20:15:28.381  WARN 13328 --- [           main] ory$DuplicateJsonObjectContextCustomizer : 

Found multiple occurrences of org.json.JSONObject on the class path:

	jar:file:/C:/Users/indrajeet.kumar/.m2/repository/org/json/json/20160212/json-20160212.jar!/org/json/JSONObject.class
	jar:file:/C:/Users/indrajeet.kumar/.m2/repository/com/vaadin/external/google/android-json/0.0.20131108.vaadin1/android-json-0.0.20131108.vaadin1.jar!/org/json/JSONObject.class

You may wish to exclude one of them to ensure predictable runtime behavior

2022-10-25 20:15:28.384  INFO 13328 --- [           main] c.e.a.integration.AgeConsumerTest        : Starting AgeConsumerTest using Java 11.0.13 on RINPC822 with PID 13328 (started by indrajeet.kumar in C:\Users\indrajeet.kumar\pact-contract-testing\ContractTestingBoilerplate\age-consumer)
2022-10-25 20:15:28.385  INFO 13328 --- [           main] c.e.a.integration.AgeConsumerTest        : No active profile set, falling back to default profiles: default
2022-10-25 20:15:28.618  INFO 13328 --- [           main] o.s.b.w.embedded.tomcat.TomcatWebServer  : Tomcat initialized with port(s): 8081 (http)
2022-10-25 20:15:28.619  INFO 13328 --- [           main] o.apache.catalina.core.StandardService   : Starting service [Tomcat]
2022-10-25 20:15:28.619  INFO 13328 --- [           main] org.apache.catalina.core.StandardEngine  : Starting Servlet engine: [Apache Tomcat/9.0.52]
2022-10-25 20:15:28.678  INFO 13328 --- [           main] o.a.c.c.C.[Tomcat-2].[localhost].[/]     : Initializing Spring embedded WebApplicationContext
2022-10-25 20:15:28.679  INFO 13328 --- [           main] w.s.c.ServletWebServerApplicationContext : Root WebApplicationContext: initialization completed in 291 ms
2022-10-25 20:15:29.029  WARN 13328 --- [           main] ConfigServletWebServerApplicationContext : Exception encountered during context initialization - cancelling refresh attempt: org.springframework.context.ApplicationContextException: Failed to start bean 'webServerStartStop'; nested exception is org.springframework.boot.web.server.PortInUseException: Port 8081 is already in use
2022-10-25 20:15:29.030  INFO 13328 --- [           main] o.apache.catalina.core.StandardService   : Stopping service [Tomcat]
2022-10-25 20:15:29.038  INFO 13328 --- [           main] ConditionEvaluationReportLoggingListener : 

Error starting ApplicationContext. To display the conditions report re-run your application with 'debug' enabled.
2022-10-25 20:15:29.040 ERROR 13328 --- [           main] o.s.b.d.LoggingFailureAnalysisReporter   : 

***************************
APPLICATION FAILED TO START
***************************

Description:

Web server failed to start. Port 8081 was already in use.

Action:

Identify and stop the process that's listening on port 8081 or configure this application to listen on another port.

2022-10-25 20:15:29.047 ERROR 13328 --- [           main] o.s.test.context.TestContextManager      : Caught exception while allowing TestExecutionListener [org.springframework.boot.test.autoconfigure.SpringBootDependencyInjectionTestExecutionListener@2974f221] to prepare test instance [com.example.ageconsumer.integration.AgeConsumerTest@1827fc4e]

java.lang.IllegalStateException: Failed to load ApplicationContext
	at org.springframework.test.context.cache.DefaultCacheAwareContextLoaderDelegate.loadContext(DefaultCacheAwareContextLoaderDelegate.java:132) ~[spring-test-5.3.9.jar:5.3.9]
	at org.springframework.test.context.support.DefaultTestContext.getApplicationContext(DefaultTestContext.java:124) ~[spring-test-5.3.9.jar:5.3.9]
	at org.springframework.test.context.support.DependencyInjectionTestExecutionListener.injectDependencies(DependencyInjectionTestExecutionListener.java:118) ~[spring-test-5.3.9.jar:5.3.9]
	at org.springframework.test.context.support.DependencyInjectionTestExecutionListener.prepareTestInstance(DependencyInjectionTestExecutionListener.java:83) ~[spring-test-5.3.9.jar:5.3.9]
	at org.springframework.boot.test.autoconfigure.SpringBootDependencyInjectionTestExecutionListener.prepareTestInstance(SpringBootDependencyInjectionTestExecutionListener.java:43) ~[spring-boot-test-autoconfigure-2.5.4.jar:2.5.4]
	at org.springframework.test.context.TestContextManager.prepareTestInstance(TestContextManager.java:244) ~[spring-test-5.3.9.jar:5.3.9]
	at org.springframework.test.context.junit.jupiter.SpringExtension.postProcessTestInstance(SpringExtension.java:138) ~[spring-test-5.3.9.jar:5.3.9]
	at org.junit.jupiter.engine.descriptor.ClassBasedTestDescriptor.lambda$invokeTestInstancePostProcessors$6(ClassBasedTestDescriptor.java:350) ~[junit-jupiter-engine-5.7.2.jar:5.7.2]
	at org.junit.jupiter.engine.descriptor.ClassBasedTestDescriptor.executeAndMaskThrowable(ClassBasedTestDescriptor.java:355) ~[junit-jupiter-engine-5.7.2.jar:5.7.2]
	at org.junit.jupiter.engine.descriptor.ClassBasedTestDescriptor.lambda$invokeTestInstancePostProcessors$7(ClassBasedTestDescriptor.java:350) ~[junit-jupiter-engine-5.7.2.jar:5.7.2]
	at java.base/java.util.stream.ReferencePipeline$3$1.accept(ReferencePipeline.java:195) ~[na:na]
	at java.base/java.util.stream.ReferencePipeline$2$1.accept(ReferencePipeline.java:177) ~[na:na]
	at java.base/java.util.ArrayList$ArrayListSpliterator.forEachRemaining(ArrayList.java:1655) ~[na:na]
	at java.base/java.util.stream.AbstractPipeline.copyInto(AbstractPipeline.java:484) ~[na:na]
	at java.base/java.util.stream.AbstractPipeline.wrapAndCopyInto(AbstractPipeline.java:474) ~[na:na]
	at java.base/java.util.stream.StreamSpliterators$WrappingSpliterator.forEachRemaining(StreamSpliterators.java:312) ~[na:na]
	at java.base/java.util.stream.Streams$ConcatSpliterator.forEachRemaining(Streams.java:735) ~[na:na]
	at java.base/java.util.stream.Streams$ConcatSpliterator.forEachRemaining(Streams.java:734) ~[na:na]
	at java.base/java.util.stream.ReferencePipeline$Head.forEach(ReferencePipeline.java:658) ~[na:na]
	at org.junit.jupiter.engine.descriptor.ClassBasedTestDescriptor.invokeTestInstancePostProcessors(ClassBasedTestDescriptor.java:349) ~[junit-jupiter-engine-5.7.2.jar:5.7.2]
	at org.junit.jupiter.engine.descriptor.ClassBasedTestDescriptor.lambda$instantiateAndPostProcessTestInstance$4(ClassBasedTestDescriptor.java:270) ~[junit-jupiter-engine-5.7.2.jar:5.7.2]
	at org.junit.platform.engine.support.hierarchical.ThrowableCollector.execute(ThrowableCollector.java:73) ~[junit-platform-engine-1.7.2.jar:1.7.2]
	at org.junit.jupiter.engine.descriptor.ClassBasedTestDescriptor.instantiateAndPostProcessTestInstance(ClassBasedTestDescriptor.java:269) ~[junit-jupiter-engine-5.7.2.jar:5.7.2]
	at org.junit.jupiter.engine.descriptor.ClassBasedTestDescriptor.lambda$testInstancesProvider$2(ClassBasedTestDescriptor.java:259) ~[junit-jupiter-engine-5.7.2.jar:5.7.2]
	at java.base/java.util.Optional.orElseGet(Optional.java:369) ~[na:na]
	at org.junit.jupiter.engine.descriptor.ClassBasedTestDescriptor.lambda$testInstancesProvider$3(ClassBasedTestDescriptor.java:258) ~[junit-jupiter-engine-5.7.2.jar:5.7.2]
	at org.junit.jupiter.engine.execution.TestInstancesProvider.getTestInstances(TestInstancesProvider.java:31) ~[junit-jupiter-engine-5.7.2.jar:5.7.2]
	at org.junit.jupiter.engine.descriptor.TestMethodTestDescriptor.lambda$prepare$0(TestMethodTestDescriptor.java:101) ~[junit-jupiter-engine-5.7.2.jar:5.7.2]
	at org.junit.platform.engine.support.hierarchical.ThrowableCollector.execute(ThrowableCollector.java:73) ~[junit-platform-engine-1.7.2.jar:1.7.2]
	at org.junit.jupiter.engine.descriptor.TestMethodTestDescriptor.prepare(TestMethodTestDescriptor.java:100) ~[junit-jupiter-engine-5.7.2.jar:5.7.2]
	at org.junit.jupiter.engine.descriptor.TestMethodTestDescriptor.prepare(TestMethodTestDescriptor.java:65) ~[junit-jupiter-engine-5.7.2.jar:5.7.2]
	at org.junit.platform.engine.support.hierarchical.NodeTestTask.lambda$prepare$1(NodeTestTask.java:111) ~[junit-platform-engine-1.7.2.jar:1.7.2]
	at org.junit.platform.engine.support.hierarchical.ThrowableCollector.execute(ThrowableCollector.java:73) ~[junit-platform-engine-1.7.2.jar:1.7.2]
	at org.junit.platform.engine.support.hierarchical.NodeTestTask.prepare(NodeTestTask.java:111) ~[junit-platform-engine-1.7.2.jar:1.7.2]
	at org.junit.platform.engine.support.hierarchical.NodeTestTask.execute(NodeTestTask.java:79) ~[junit-platform-engine-1.7.2.jar:1.7.2]
	at java.base/java.util.ArrayList.forEach(ArrayList.java:1541) ~[na:na]
	at org.junit.platform.engine.support.hierarchical.SameThreadHierarchicalTestExecutorService.invokeAll(SameThreadHierarchicalTestExecutorService.java:38) ~[junit-platform-engine-1.7.2.jar:1.7.2]
	at org.junit.platform.engine.support.hierarchical.NodeTestTask.lambda$executeRecursively$5(NodeTestTask.java:143) ~[junit-platform-engine-1.7.2.jar:1.7.2]
	at org.junit.platform.engine.support.hierarchical.ThrowableCollector.execute(ThrowableCollector.java:73) ~[junit-platform-engine-1.7.2.jar:1.7.2]
	at org.junit.platform.engine.support.hierarchical.NodeTestTask.lambda$executeRecursively$7(NodeTestTask.java:129) ~[junit-platform-engine-1.7.2.jar:1.7.2]
	at org.junit.platform.engine.support.hierarchical.Node.around(Node.java:137) ~[junit-platform-engine-1.7.2.jar:1.7.2]
	at org.junit.platform.engine.support.hierarchical.NodeTestTask.lambda$executeRecursively$8(NodeTestTask.java:127) ~[junit-platform-engine-1.7.2.jar:1.7.2]
	at org.junit.platform.engine.support.hierarchical.ThrowableCollector.execute(ThrowableCollector.java:73) ~[junit-platform-engine-1.7.2.jar:1.7.2]
	at org.junit.platform.engine.support.hierarchical.NodeTestTask.executeRecursively(NodeTestTask.java:126) ~[junit-platform-engine-1.7.2.jar:1.7.2]
	at org.junit.platform.engine.support.hierarchical.NodeTestTask.execute(NodeTestTask.java:84) ~[junit-platform-engine-1.7.2.jar:1.7.2]
	at java.base/java.util.ArrayList.forEach(ArrayList.java:1541) ~[na:na]
	at org.junit.platform.engine.support.hierarchical.SameThreadHierarchicalTestExecutorService.invokeAll(SameThreadHierarchicalTestExecutorService.java:38) ~[junit-platform-engine-1.7.2.jar:1.7.2]
	at org.junit.platform.engine.support.hierarchical.NodeTestTask.lambda$executeRecursively$5(NodeTestTask.java:143) ~[junit-platform-engine-1.7.2.jar:1.7.2]
	at org.junit.platform.engine.support.hierarchical.ThrowableCollector.execute(ThrowableCollector.java:73) ~[junit-platform-engine-1.7.2.jar:1.7.2]
	at org.junit.platform.engine.support.hierarchical.NodeTestTask.lambda$executeRecursively$7(NodeTestTask.java:129) ~[junit-platform-engine-1.7.2.jar:1.7.2]
	at org.junit.platform.engine.support.hierarchical.Node.around(Node.java:137) ~[junit-platform-engine-1.7.2.jar:1.7.2]
	at org.junit.platform.engine.support.hierarchical.NodeTestTask.lambda$executeRecursively$8(NodeTestTask.java:127) ~[junit-platform-engine-1.7.2.jar:1.7.2]
	at org.junit.platform.engine.support.hierarchical.ThrowableCollector.execute(ThrowableCollector.java:73) ~[junit-platform-engine-1.7.2.jar:1.7.2]
	at org.junit.platform.engine.support.hierarchical.NodeTestTask.executeRecursively(NodeTestTask.java:126) ~[junit-platform-engine-1.7.2.jar:1.7.2]
	at org.junit.platform.engine.support.hierarchical.NodeTestTask.execute(NodeTestTask.java:84) ~[junit-platform-engine-1.7.2.jar:1.7.2]
	at org.junit.platform.engine.support.hierarchical.SameThreadHierarchicalTestExecutorService.submit(SameThreadHierarchicalTestExecutorService.java:32) ~[junit-platform-engine-1.7.2.jar:1.7.2]
	at org.junit.platform.engine.support.hierarchical.HierarchicalTestExecutor.execute(HierarchicalTestExecutor.java:57) ~[junit-platform-engine-1.7.2.jar:1.7.2]
	at org.junit.platform.engine.support.hierarchical.HierarchicalTestEngine.execute(HierarchicalTestEngine.java:51) ~[junit-platform-engine-1.7.2.jar:1.7.2]
	at org.junit.platform.launcher.core.DefaultLauncher.execute(DefaultLauncher.java:220) ~[junit-platform-launcher-1.3.1.jar:1.3.1]
	at org.junit.platform.launcher.core.DefaultLauncher.lambda$execute$6(DefaultLauncher.java:188) ~[junit-platform-launcher-1.3.1.jar:1.3.1]
	at org.junit.platform.launcher.core.DefaultLauncher.withInterceptedStreams(DefaultLauncher.java:202) ~[junit-platform-launcher-1.3.1.jar:1.3.1]
	at org.junit.platform.launcher.core.DefaultLauncher.execute(DefaultLauncher.java:181) ~[junit-platform-launcher-1.3.1.jar:1.3.1]
	at org.junit.platform.launcher.core.DefaultLauncher.execute(DefaultLauncher.java:128) ~[junit-platform-launcher-1.3.1.jar:1.3.1]
	at org.apache.maven.surefire.junitplatform.JUnitPlatformProvider.invokeAllTests(JUnitPlatformProvider.java:150) ~[surefire-junit-platform-2.22.2.jar:2.22.2]
	at org.apache.maven.surefire.junitplatform.JUnitPlatformProvider.invoke(JUnitPlatformProvider.java:124) ~[surefire-junit-platform-2.22.2.jar:2.22.2]
	at org.apache.maven.surefire.booter.ForkedBooter.invokeProviderInSameClassLoader(ForkedBooter.java:384) ~[surefire-booter-2.22.2.jar:2.22.2]
	at org.apache.maven.surefire.booter.ForkedBooter.runSuitesInProcess(ForkedBooter.java:345) ~[surefire-booter-2.22.2.jar:2.22.2]
	at org.apache.maven.surefire.booter.ForkedBooter.execute(ForkedBooter.java:126) ~[surefire-booter-2.22.2.jar:2.22.2]
	at org.apache.maven.surefire.booter.ForkedBooter.main(ForkedBooter.java:418) ~[surefire-booter-2.22.2.jar:2.22.2]
Caused by: org.springframework.context.ApplicationContextException: Failed to start bean 'webServerStartStop'; nested exception is org.springframework.boot.web.server.PortInUseException: Port 8081 is already in use
	at org.springframework.context.support.DefaultLifecycleProcessor.doStart(DefaultLifecycleProcessor.java:181) ~[spring-context-5.3.9.jar:5.3.9]
	at org.springframework.context.support.DefaultLifecycleProcessor.access$200(DefaultLifecycleProcessor.java:54) ~[spring-context-5.3.9.jar:5.3.9]
	at org.springframework.context.support.DefaultLifecycleProcessor$LifecycleGroup.start(DefaultLifecycleProcessor.java:356) ~[spring-context-5.3.9.jar:5.3.9]
	at java.base/java.lang.Iterable.forEach(Iterable.java:75) ~[na:na]
	at org.springframework.context.support.DefaultLifecycleProcessor.startBeans(DefaultLifecycleProcessor.java:155) ~[spring-context-5.3.9.jar:5.3.9]
	at org.springframework.context.support.DefaultLifecycleProcessor.onRefresh(DefaultLifecycleProcessor.java:123) ~[spring-context-5.3.9.jar:5.3.9]
	at org.springframework.context.support.AbstractApplicationContext.finishRefresh(AbstractApplicationContext.java:935) ~[spring-context-5.3.9.jar:5.3.9]
	at org.springframework.context.support.AbstractApplicationContext.refresh(AbstractApplicationContext.java:586) ~[spring-context-5.3.9.jar:5.3.9]
	at org.springframework.boot.web.servlet.context.ServletWebServerApplicationContext.refresh(ServletWebServerApplicationContext.java:145) ~[spring-boot-2.5.4.jar:2.5.4]
	at org.springframework.boot.SpringApplication.refresh(SpringApplication.java:754) ~[spring-boot-2.5.4.jar:2.5.4]
	at org.springframework.boot.SpringApplication.refreshContext(SpringApplication.java:434) ~[spring-boot-2.5.4.jar:2.5.4]
	at org.springframework.boot.SpringApplication.run(SpringApplication.java:338) ~[spring-boot-2.5.4.jar:2.5.4]
	at org.springframework.boot.test.context.SpringBootContextLoader.loadContext(SpringBootContextLoader.java:123) ~[spring-boot-test-2.5.4.jar:2.5.4]
	at org.springframework.test.context.cache.DefaultCacheAwareContextLoaderDelegate.loadContextInternal(DefaultCacheAwareContextLoaderDelegate.java:99) ~[spring-test-5.3.9.jar:5.3.9]
	at org.springframework.test.context.cache.DefaultCacheAwareContextLoaderDelegate.loadContext(DefaultCacheAwareContextLoaderDelegate.java:124) ~[spring-test-5.3.9.jar:5.3.9]
	... 68 common frames omitted
Caused by: org.springframework.boot.web.server.PortInUseException: Port 8081 is already in use
	at org.springframework.boot.web.server.PortInUseException.lambda$throwIfPortBindingException$0(PortInUseException.java:70) ~[spring-boot-2.5.4.jar:2.5.4]
	at org.springframework.boot.web.server.PortInUseException.lambda$ifPortBindingException$1(PortInUseException.java:85) ~[spring-boot-2.5.4.jar:2.5.4]
	at org.springframework.boot.web.server.PortInUseException.ifCausedBy(PortInUseException.java:103) ~[spring-boot-2.5.4.jar:2.5.4]
	at org.springframework.boot.web.server.PortInUseException.ifPortBindingException(PortInUseException.java:82) ~[spring-boot-2.5.4.jar:2.5.4]
	at org.springframework.boot.web.server.PortInUseException.throwIfPortBindingException(PortInUseException.java:69) ~[spring-boot-2.5.4.jar:2.5.4]
	at org.springframework.boot.web.embedded.tomcat.TomcatWebServer.start(TomcatWebServer.java:228) ~[spring-boot-2.5.4.jar:2.5.4]
	at org.springframework.boot.web.servlet.context.WebServerStartStopLifecycle.start(WebServerStartStopLifecycle.java:43) ~[spring-boot-2.5.4.jar:2.5.4]
	at org.springframework.context.support.DefaultLifecycleProcessor.doStart(DefaultLifecycleProcessor.java:178) ~[spring-context-5.3.9.jar:5.3.9]
	... 82 common frames omitted
Caused by: java.lang.IllegalArgumentException: standardService.connector.startFailed
	at org.apache.catalina.core.StandardService.addConnector(StandardService.java:238) ~[tomcat-embed-core-9.0.52.jar:9.0.52]
	at org.springframework.boot.web.embedded.tomcat.TomcatWebServer.addPreviouslyRemovedConnectors(TomcatWebServer.java:282) ~[spring-boot-2.5.4.jar:2.5.4]
	at org.springframework.boot.web.embedded.tomcat.TomcatWebServer.start(TomcatWebServer.java:213) ~[spring-boot-2.5.4.jar:2.5.4]
	... 84 common frames omitted
Caused by: org.apache.catalina.LifecycleException: Protocol handler start failed
	at org.apache.catalina.connector.Connector.startInternal(Connector.java:1075) ~[tomcat-embed-core-9.0.52.jar:9.0.52]
	at org.apache.catalina.util.LifecycleBase.start(LifecycleBase.java:183) ~[tomcat-embed-core-9.0.52.jar:9.0.52]
	at org.apache.catalina.core.StandardService.addConnector(StandardService.java:234) ~[tomcat-embed-core-9.0.52.jar:9.0.52]
	... 86 common frames omitted
Caused by: java.net.BindException: Address already in use: bind
	at java.base/sun.nio.ch.Net.bind0(Native Method) ~[na:na]
	at java.base/sun.nio.ch.Net.bind(Net.java:459) ~[na:na]
	at java.base/sun.nio.ch.Net.bind(Net.java:448) ~[na:na]
	at java.base/sun.nio.ch.ServerSocketChannelImpl.bind(ServerSocketChannelImpl.java:227) ~[na:na]
	at org.apache.tomcat.util.net.NioEndpoint.initServerSocket(NioEndpoint.java:271) ~[tomcat-embed-core-9.0.52.jar:9.0.52]
	at org.apache.tomcat.util.net.NioEndpoint.bind(NioEndpoint.java:226) ~[tomcat-embed-core-9.0.52.jar:9.0.52]
	at org.apache.tomcat.util.net.AbstractEndpoint.bindWithCleanup(AbstractEndpoint.java:1208) ~[tomcat-embed-core-9.0.52.jar:9.0.52]
	at org.apache.tomcat.util.net.AbstractEndpoint.start(AbstractEndpoint.java:1294) ~[tomcat-embed-core-9.0.52.jar:9.0.52]
	at org.apache.coyote.AbstractProtocol.start(AbstractProtocol.java:614) ~[tomcat-embed-core-9.0.52.jar:9.0.52]
	at org.apache.catalina.connector.Connector.startInternal(Connector.java:1072) ~[tomcat-embed-core-9.0.52.jar:9.0.52]
	... 88 common frames omitted

]]></system-out>
  </testcase>
</testsuite>