<?xml version="1.0" encoding="UTF-8"?>
<testsuite xmlns:xsi="http://www.w3.org/2001/XMLSchema-instance" xsi:noNamespaceSchemaLocation="https://maven.apache.org/surefire/maven-surefire-plugin/xsd/surefire-test-report-3.0.xsd" version="3.0" name="com.example.dateprovider.pact.PactAgeProviderTest" time="5.337" tests="1" errors="1" skipped="0" failures="0">
  <properties>
    <property name="sun.desktop" value="windows"/>
    <property name="awt.toolkit" value="sun.awt.windows.WToolkit"/>
    <property name="java.specification.version" value="11"/>
    <property name="sun.cpu.isalist" value="amd64"/>
    <property name="sun.jnu.encoding" value="Cp1252"/>
    <property name="java.class.path" value="C:\Users\indrajeet.kumar\pact-contract-testing\ContractTestingBoilerplate\date-provider\target\test-classes;C:\Users\indrajeet.kumar\pact-contract-testing\ContractTestingBoilerplate\date-provider\target\classes;C:\Users\indrajeet.kumar\.m2\repository\au\com\dius\pact\provider\junit5\4.1.10\junit5-4.1.10.jar;C:\Users\indrajeet.kumar\.m2\repository\org\junit\jupiter\junit-jupiter-api\5.7.2\junit-jupiter-api-5.7.2.jar;C:\Users\indrajeet.kumar\.m2\repository\org\apiguardian\apiguardian-api\1.1.0\apiguardian-api-1.1.0.jar;C:\Users\indrajeet.kumar\.m2\repository\org\opentest4j\opentest4j\1.2.0\opentest4j-1.2.0.jar;C:\Users\indrajeet.kumar\.m2\repository\org\junit\platform\junit-platform-commons\1.7.2\junit-platform-commons-1.7.2.jar;C:\Users\indrajeet.kumar\.m2\repository\au\com\dius\pact\core\support\4.1.10\support-4.1.10.jar;C:\Users\indrajeet.kumar\.m2\repository\org\antlr\antlr4\4.7.2\antlr4-4.7.2.jar;C:\Users\indrajeet.kumar\.m2\repository\org\antlr\antlr4-runtime\4.7.2\antlr4-runtime-4.7.2.jar;C:\Users\indrajeet.kumar\.m2\repository\org\antlr\antlr-runtime\3.5.2\antlr-runtime-3.5.2.jar;C:\Users\indrajeet.kumar\.m2\repository\org\antlr\ST4\4.1\ST4-4.1.jar;C:\Users\indrajeet.kumar\.m2\repository\org\abego\treelayout\org.abego.treelayout.core\1.0.3\org.abego.treelayout.core-1.0.3.jar;C:\Users\indrajeet.kumar\.m2\repository\org\glassfish\javax.json\1.0.4\javax.json-1.0.4.jar;C:\Users\indrajeet.kumar\.m2\repository\com\ibm\icu\icu4j\61.1\icu4j-61.1.jar;C:\Users\indrajeet.kumar\.m2\repository\io\github\microutils\kotlin-logging\1.6.26\kotlin-logging-1.6.26.jar;C:\Users\indrajeet.kumar\.m2\repository\io\github\microutils\kotlin-logging-common\1.6.26\kotlin-logging-common-1.6.26.jar;C:\Users\indrajeet.kumar\.m2\repository\org\apache\httpcomponents\httpclient\4.5.13\httpclient-4.5.13.jar;C:\Users\indrajeet.kumar\.m2\repository\org\apache\httpcomponents\httpcore\4.4.14\httpcore-4.4.14.jar;C:\Users\indrajeet.kumar\.m2\repository\commons-codec\commons-codec\1.15\commons-codec-1.15.jar;C:\Users\indrajeet.kumar\.m2\repository\com\michael-bull\kotlin-result\kotlin-result\1.1.6\kotlin-result-1.1.6.jar;C:\Users\indrajeet.kumar\.m2\repository\org\jetbrains\kotlin\kotlin-stdlib\1.5.21\kotlin-stdlib-1.5.21.jar;C:\Users\indrajeet.kumar\.m2\repository\org\jetbrains\annotations\13.0\annotations-13.0.jar;C:\Users\indrajeet.kumar\.m2\repository\org\jetbrains\kotlin\kotlin-stdlib-common\1.5.21\kotlin-stdlib-common-1.5.21.jar;C:\Users\indrajeet.kumar\.m2\repository\org\jetbrains\kotlin\kotlin-stdlib-jdk8\1.5.21\kotlin-stdlib-jdk8-1.5.21.jar;C:\Users\indrajeet.kumar\.m2\repository\org\jetbrains\kotlin\kotlin-stdlib-jdk7\1.5.21\kotlin-stdlib-jdk7-1.5.21.jar;C:\Users\indrajeet.kumar\.m2\repository\org\jetbrains\kotlin\kotlin-reflect\1.5.21\kotlin-reflect-1.5.21.jar;C:\Users\indrajeet.kumar\.m2\repository\org\apache\commons\commons-lang3\3.12.0\commons-lang3-3.12.0.jar;C:\Users\indrajeet.kumar\.m2\repository\com\google\code\findbugs\jsr305\3.0.2\jsr305-3.0.2.jar;C:\Users\indrajeet.kumar\.m2\repository\au\com\dius\pact\provider\4.1.10\provider-4.1.10.jar;C:\Users\indrajeet.kumar\.m2\repository\commons-io\commons-io\2.5\commons-io-2.5.jar;C:\Users\indrajeet.kumar\.m2\repository\au\com\dius\pact\core\model\4.1.10\model-4.1.10.jar;C:\Users\indrajeet.kumar\.m2\repository\org\apache\tika\tika-core\1.24.1\tika-core-1.24.1.jar;C:\Users\indrajeet.kumar\.m2\repository\au\com\dius\pact\core\pactbroker\4.1.10\pactbroker-4.1.10.jar;C:\Users\indrajeet.kumar\.m2\repository\au\com\dius\pact\core\matchers\4.1.10\matchers-4.1.10.jar;C:\Users\indrajeet.kumar\.m2\repository\com\googlecode\java-diff-utils\diffutils\1.3.0\diffutils-1.3.0.jar;C:\Users\indrajeet.kumar\.m2\repository\xerces\xercesImpl\2.12.0\xercesImpl-2.12.0.jar;C:\Users\indrajeet.kumar\.m2\repository\xml-apis\xml-apis\1.4.01\xml-apis-1.4.01.jar;C:\Users\indrajeet.kumar\.m2\repository\org\atteo\evo-inflector\1.2.2\evo-inflector-1.2.2.jar;C:\Users\indrajeet.kumar\.m2\repository\org\scala-lang\scala-library\2.13.2\scala-library-2.13.2.jar;C:\Users\indrajeet.kumar\.m2\repository\io\github\classgraph\classgraph\4.8.25\classgraph-4.8.25.jar;C:\Users\indrajeet.kumar\.m2\repository\org\codehaus\groovy\groovy\3.0.8\groovy-3.0.8.jar;C:\Users\indrajeet.kumar\.m2\repository\com\github\ajalt\mordant\1.2.1\mordant-1.2.1.jar;C:\Users\indrajeet.kumar\.m2\repository\com\github\ajalt\colormath\1.2.0\colormath-1.2.0.jar;C:\Users\indrajeet.kumar\.m2\repository\com\vladsch\flexmark\flexmark\0.62.2\flexmark-0.62.2.jar;C:\Users\indrajeet.kumar\.m2\repository\com\vladsch\flexmark\flexmark-util-ast\0.62.2\flexmark-util-ast-0.62.2.jar;C:\Users\indrajeet.kumar\.m2\repository\com\vladsch\flexmark\flexmark-util-builder\0.62.2\flexmark-util-builder-0.62.2.jar;C:\Users\indrajeet.kumar\.m2\repository\com\vladsch\flexmark\flexmark-util-collection\0.62.2\flexmark-util-collection-0.62.2.jar;C:\Users\indrajeet.kumar\.m2\repository\com\vladsch\flexmark\flexmark-util-data\0.62.2\flexmark-util-data-0.62.2.jar;C:\Users\indrajeet.kumar\.m2\repository\com\vladsch\flexmark\flexmark-util-dependency\0.62.2\flexmark-util-dependency-0.62.2.jar;C:\Users\indrajeet.kumar\.m2\repository\com\vladsch\flexmark\flexmark-util-format\0.62.2\flexmark-util-format-0.62.2.jar;C:\Users\indrajeet.kumar\.m2\repository\com\vladsch\flexmark\flexmark-util-html\0.62.2\flexmark-util-html-0.62.2.jar;C:\Users\indrajeet.kumar\.m2\repository\com\vladsch\flexmark\flexmark-util-misc\0.62.2\flexmark-util-misc-0.62.2.jar;C:\Users\indrajeet.kumar\.m2\repository\com\vladsch\flexmark\flexmark-util-sequence\0.62.2\flexmark-util-sequence-0.62.2.jar;C:\Users\indrajeet.kumar\.m2\repository\com\vladsch\flexmark\flexmark-util-visitor\0.62.2\flexmark-util-visitor-0.62.2.jar;C:\Users\indrajeet.kumar\.m2\repository\com\vladsch\flexmark\flexmark-ext-tables\0.62.2\flexmark-ext-tables-0.62.2.jar;C:\Users\indrajeet.kumar\.m2\repository\com\vladsch\flexmark\flexmark-util\0.62.2\flexmark-util-0.62.2.jar;C:\Users\indrajeet.kumar\.m2\repository\com\vladsch\flexmark\flexmark-util-options\0.62.2\flexmark-util-options-0.62.2.jar;C:\Users\indrajeet.kumar\.m2\repository\org\slf4j\slf4j-api\1.7.32\slf4j-api-1.7.32.jar;C:\Users\indrajeet.kumar\.m2\repository\org\springframework\cloud\spring-cloud-starter-contract-verifier\2.2.4.RELEASE\spring-cloud-starter-contract-verifier-2.2.4.RELEASE.jar;C:\Users\indrajeet.kumar\.m2\repository\org\springframework\cloud\spring-cloud-contract-verifier\2.2.4.RELEASE\spring-cloud-contract-verifier-2.2.4.RELEASE.jar;C:\Users\indrajeet.kumar\.m2\repository\org\springframework\cloud\spring-cloud-contract-spec\2.2.4.RELEASE\spring-cloud-contract-spec-2.2.4.RELEASE.jar;C:\Users\indrajeet.kumar\.m2\repository\org\springframework\cloud\spring-cloud-contract-spec-java\2.2.4.RELEASE\spring-cloud-contract-spec-java-2.2.4.RELEASE.jar;C:\Users\indrajeet.kumar\.m2\repository\org\apache\commons\commons-text\1.7\commons-text-1.7.jar;C:\Users\indrajeet.kumar\.m2\repository\org\springframework\cloud\spring-cloud-contract-spec-groovy\2.2.4.RELEASE\spring-cloud-contract-spec-groovy-2.2.4.RELEASE.jar;C:\Users\indrajeet.kumar\.m2\repository\org\springframework\cloud\spring-cloud-contract-shade\2.2.4.RELEASE\spring-cloud-contract-shade-2.2.4.RELEASE.jar;C:\Users\indrajeet.kumar\.m2\repository\javax\inject\javax.inject\1\javax.inject-1.jar;C:\Users\indrajeet.kumar\.m2\repository\com\github\tomakehurst\wiremock-jre8-standalone\2.26.2\wiremock-jre8-standalone-2.26.2.jar;C:\Users\indrajeet.kumar\.m2\repository\org\apache\maven\resolver\maven-resolver-api\1.3.3\maven-resolver-api-1.3.3.jar;C:\Users\indrajeet.kumar\.m2\repository\com\rackspace\eclipse\webtools\sourceediting\org.eclipse.wst.xml.xpath2.processor\2.1.100\org.eclipse.wst.xml.xpath2.processor-2.1.100.jar;C:\Users\indrajeet.kumar\.m2\repository\edu\princeton\cup\java-cup\10k\java-cup-10k.jar;C:\Users\indrajeet.kumar\.m2\repository\org\codehaus\groovy\groovy-nio\3.0.8\groovy-nio-3.0.8.jar;C:\Users\indrajeet.kumar\.m2\repository\org\codehaus\groovy\groovy-json\3.0.8\groovy-json-3.0.8.jar;C:\Users\indrajeet.kumar\.m2\repository\org\codehaus\groovy\groovy-xml\3.0.8\groovy-xml-3.0.8.jar;C:\Users\indrajeet.kumar\.m2\repository\com\github\jknack\handlebars\4.1.2\handlebars-4.1.2.jar;C:\Users\indrajeet.kumar\.m2\repository\commons-beanutils\commons-beanutils\1.9.4\commons-beanutils-1.9.4.jar;C:\Users\indrajeet.kumar\.m2\repository\commons-logging\commons-logging\1.2\commons-logging-1.2.jar;C:\Users\indrajeet.kumar\.m2\repository\commons-collections\commons-collections\3.2.2\commons-collections-3.2.2.jar;C:\Users\indrajeet.kumar\.m2\repository\org\yaml\snakeyaml\1.28\snakeyaml-1.28.jar;C:\Users\indrajeet.kumar\.m2\repository\com\fasterxml\jackson\dataformat\jackson-dataformat-yaml\2.12.4\jackson-dataformat-yaml-2.12.4.jar;C:\Users\indrajeet.kumar\.m2\repository\org\springframework\cloud\spring-cloud-function-compiler\3.0.9.RELEASE\spring-cloud-function-compiler-3.0.9.RELEASE.jar;C:\Users\indrajeet.kumar\.m2\repository\io\projectreactor\reactor-core\3.4.9\reactor-core-3.4.9.jar;C:\Users\indrajeet.kumar\.m2\repository\org\reactivestreams\reactive-streams\1.0.3\reactive-streams-1.0.3.jar;C:\Users\indrajeet.kumar\.m2\repository\org\eclipse\jdt\core\compiler\ecj\4.4.2\ecj-4.4.2.jar;C:\Users\indrajeet.kumar\.m2\repository\org\springframework\cloud\spring-cloud-function-core\3.0.9.RELEASE\spring-cloud-function-core-3.0.9.RELEASE.jar;C:\Users\indrajeet.kumar\.m2\repository\javax\annotation\javax.annotation-api\1.3.2\javax.annotation-api-1.3.2.jar;C:\Users\indrajeet.kumar\.m2\repository\io\rest-assured\rest-assured\4.3.3\rest-assured-4.3.3.jar;C:\Users\indrajeet.kumar\.m2\repository\org\apache\httpcomponents\httpmime\4.5.13\httpmime-4.5.13.jar;C:\Users\indrajeet.kumar\.m2\repository\org\ccil\cowan\tagsoup\tagsoup\1.2.1\tagsoup-1.2.1.jar;C:\Users\indrajeet.kumar\.m2\repository\io\rest-assured\json-path\4.3.3\json-path-4.3.3.jar;C:\Users\indrajeet.kumar\.m2\repository\io\rest-assured\rest-assured-common\4.3.3\rest-assured-common-4.3.3.jar;C:\Users\indrajeet.kumar\.m2\repository\io\rest-assured\xml-path\4.3.3\xml-path-4.3.3.jar;C:\Users\indrajeet.kumar\.m2\repository\com\sun\xml\bind\jaxb-impl\2.3.3\jaxb-impl-2.3.3.jar;C:\Users\indrajeet.kumar\.m2\repository\io\rest-assured\spring-mock-mvc\4.3.3\spring-mock-mvc-4.3.3.jar;C:\Users\indrajeet.kumar\.m2\repository\io\rest-assured\spring-commons\4.3.3\spring-commons-4.3.3.jar;C:\Users\indrajeet.kumar\.m2\repository\com\toomuchcoding\jsonassert\jsonassert\0.4.14\jsonassert-0.4.14.jar;C:\Users\indrajeet.kumar\.m2\repository\cglib\cglib\3.2.9\cglib-3.2.9.jar;C:\Users\indrajeet.kumar\.m2\repository\org\ow2\asm\asm\7.0\asm-7.0.jar;C:\Users\indrajeet.kumar\.m2\repository\org\apache\ant\ant\1.10.3\ant-1.10.3.jar;C:\Users\indrajeet.kumar\.m2\repository\org\apache\ant\ant-launcher\1.10.3\ant-launcher-1.10.3.jar;C:\Users\indrajeet.kumar\.m2\repository\org\springdoc\springdoc-openapi-ui\1.4.8\springdoc-openapi-ui-1.4.8.jar;C:\Users\indrajeet.kumar\.m2\repository\org\springdoc\springdoc-openapi-webmvc-core\1.4.8\springdoc-openapi-webmvc-core-1.4.8.jar;C:\Users\indrajeet.kumar\.m2\repository\org\springdoc\springdoc-openapi-common\1.4.8\springdoc-openapi-common-1.4.8.jar;C:\Users\indrajeet.kumar\.m2\repository\io\swagger\core\v3\swagger-models\2.1.4\swagger-models-2.1.4.jar;C:\Users\indrajeet.kumar\.m2\repository\io\swagger\core\v3\swagger-annotations\2.1.4\swagger-annotations-2.1.4.jar;C:\Users\indrajeet.kumar\.m2\repository\io\swagger\core\v3\swagger-integration\2.1.4\swagger-integration-2.1.4.jar;C:\Users\indrajeet.kumar\.m2\repository\io\swagger\core\v3\swagger-core\2.1.4\swagger-core-2.1.4.jar;C:\Users\indrajeet.kumar\.m2\repository\jakarta\validation\jakarta.validation-api\2.0.2\jakarta.validation-api-2.0.2.jar;C:\Users\indrajeet.kumar\.m2\repository\org\webjars\swagger-ui\3.34.0\swagger-ui-3.34.0.jar;C:\Users\indrajeet.kumar\.m2\repository\org\webjars\webjars-locator-core\0.46\webjars-locator-core-0.46.jar;C:\Users\indrajeet.kumar\.m2\repository\com\atlassian\oai\swagger-request-validator-pact\2.11.0\swagger-request-validator-pact-2.11.0.jar;C:\Users\indrajeet.kumar\.m2\repository\com\atlassian\oai\swagger-request-validator-core\2.11.0\swagger-request-validator-core-2.11.0.jar;C:\Users\indrajeet.kumar\.m2\repository\io\swagger\parser\v3\swagger-parser\2.0.20\swagger-parser-2.0.20.jar;C:\Users\indrajeet.kumar\.m2\repository\io\swagger\parser\v3\swagger-parser-v2-converter\2.0.20\swagger-parser-v2-converter-2.0.20.jar;C:\Users\indrajeet.kumar\.m2\repository\io\swagger\swagger-core\1.6.1\swagger-core-1.6.1.jar;C:\Users\indrajeet.kumar\.m2\repository\io\swagger\swagger-models\1.6.1\swagger-models-1.6.1.jar;C:\Users\indrajeet.kumar\.m2\repository\io\swagger\swagger-annotations\1.6.1\swagger-annotations-1.6.1.jar;C:\Users\indrajeet.kumar\.m2\repository\javax\validation\validation-api\2.0.1.Final\validation-api-2.0.1.Final.jar;C:\Users\indrajeet.kumar\.m2\repository\io\swagger\swagger-parser\1.0.51\swagger-parser-1.0.51.jar;C:\Users\indrajeet.kumar\.m2\repository\io\swagger\swagger-compat-spec-parser\1.0.51\swagger-compat-spec-parser-1.0.51.jar;C:\Users\indrajeet.kumar\.m2\repository\com\github\fge\json-patch\1.6\json-patch-1.6.jar;C:\Users\indrajeet.kumar\.m2\repository\com\github\fge\jackson-coreutils\1.6\jackson-coreutils-1.6.jar;C:\Users\indrajeet.kumar\.m2\repository\io\swagger\parser\v3\swagger-parser-core\2.0.20\swagger-parser-core-2.0.20.jar;C:\Users\indrajeet.kumar\.m2\repository\io\swagger\parser\v3\swagger-parser-v3\2.0.20\swagger-parser-v3-2.0.20.jar;C:\Users\indrajeet.kumar\.m2\repository\org\slf4j\slf4j-ext\1.7.32\slf4j-ext-1.7.32.jar;C:\Users\indrajeet.kumar\.m2\repository\com\github\java-json-tools\json-schema-validator\2.2.11\json-schema-validator-2.2.11.jar;C:\Users\indrajeet.kumar\.m2\repository\com\github\java-json-tools\json-schema-core\1.2.10\json-schema-core-1.2.10.jar;C:\Users\indrajeet.kumar\.m2\repository\com\github\java-json-tools\jackson-coreutils\1.9\jackson-coreutils-1.9.jar;C:\Users\indrajeet.kumar\.m2\repository\com\github\fge\msg-simple\1.1\msg-simple-1.1.jar;C:\Users\indrajeet.kumar\.m2\repository\com\github\fge\btf\1.2\btf-1.2.jar;C:\Users\indrajeet.kumar\.m2\repository\com\github\fge\uri-template\0.9\uri-template-0.9.jar;C:\Users\indrajeet.kumar\.m2\repository\org\mozilla\rhino\1.7.7.1\rhino-1.7.7.1.jar;C:\Users\indrajeet.kumar\.m2\repository\com\sun\mail\mailapi\1.6.1\mailapi-1.6.1.jar;C:\Users\indrajeet.kumar\.m2\repository\joda-time\joda-time\2.9.7\joda-time-2.9.7.jar;C:\Users\indrajeet.kumar\.m2\repository\com\googlecode\libphonenumber\libphonenumber\8.0.0\libphonenumber-8.0.0.jar;C:\Users\indrajeet.kumar\.m2\repository\net\sf\jopt-simple\jopt-simple\5.0.3\jopt-simple-5.0.3.jar;C:\Users\indrajeet.kumar\.m2\repository\com\google\guava\guava\28.1-jre\guava-28.1-jre.jar;C:\Users\indrajeet.kumar\.m2\repository\com\google\guava\failureaccess\1.0.1\failureaccess-1.0.1.jar;C:\Users\indrajeet.kumar\.m2\repository\com\google\guava\listenablefuture\9999.0-empty-to-avoid-conflict-with-guava\listenablefuture-9999.0-empty-to-avoid-conflict-with-guava.jar;C:\Users\indrajeet.kumar\.m2\repository\org\checkerframework\checker-qual\2.8.1\checker-qual-2.8.1.jar;C:\Users\indrajeet.kumar\.m2\repository\com\google\errorprone\error_prone_annotations\2.3.2\error_prone_annotations-2.3.2.jar;C:\Users\indrajeet.kumar\.m2\repository\com\google\j2objc\j2objc-annotations\1.3\j2objc-annotations-1.3.jar;C:\Users\indrajeet.kumar\.m2\repository\org\codehaus\mojo\animal-sniffer-annotations\1.18\animal-sniffer-annotations-1.18.jar;C:\Users\indrajeet.kumar\.m2\repository\com\fasterxml\jackson\datatype\jackson-datatype-jdk8\2.12.4\jackson-datatype-jdk8-2.12.4.jar;C:\Users\indrajeet.kumar\.m2\repository\au\com\dius\pact-jvm-model\3.6.14\pact-jvm-model-3.6.14.jar;C:\Users\indrajeet.kumar\.m2\repository\au\com\dius\pact-jvm-support\3.6.14\pact-jvm-support-3.6.14.jar;C:\Users\indrajeet.kumar\.m2\repository\com\github\salomonbrys\kotson\kotson\2.5.0\kotson-2.5.0.jar;C:\Users\indrajeet.kumar\.m2\repository\au\com\dius\pact-jvm-pact-broker\3.6.14\pact-jvm-pact-broker-3.6.14.jar;C:\Users\indrajeet.kumar\.m2\repository\org\dmfs\rfc3986-uri\0.8\rfc3986-uri-0.8.jar;C:\Users\indrajeet.kumar\.m2\repository\org\dmfs\iterators\1.5\iterators-1.5.jar;C:\Users\indrajeet.kumar\.m2\repository\org\dmfs\optional\0.3\optional-0.3.jar;C:\Users\indrajeet.kumar\.m2\repository\com\github\zafarkhaja\java-semver\0.9.0\java-semver-0.9.0.jar;C:\Users\indrajeet.kumar\.m2\repository\org\apache\commons\commons-collections4\4.1\commons-collections4-4.1.jar;C:\Users\indrajeet.kumar\.m2\repository\com\github\mifmif\generex\1.0.2\generex-1.0.2.jar;C:\Users\indrajeet.kumar\.m2\repository\dk\brics\automaton\automaton\1.11-8\automaton-1.11-8.jar;C:\Users\indrajeet.kumar\.m2\repository\javax\mail\mail\1.5.0-b01\mail-1.5.0-b01.jar;C:\Users\indrajeet.kumar\.m2\repository\javax\activation\activation\1.1\activation-1.1.jar;C:\Users\indrajeet.kumar\.m2\repository\com\amazonaws\aws-java-sdk-s3\1.11.587\aws-java-sdk-s3-1.11.587.jar;C:\Users\indrajeet.kumar\.m2\repository\com\amazonaws\aws-java-sdk-kms\1.11.587\aws-java-sdk-kms-1.11.587.jar;C:\Users\indrajeet.kumar\.m2\repository\com\amazonaws\aws-java-sdk-core\1.11.587\aws-java-sdk-core-1.11.587.jar;C:\Users\indrajeet.kumar\.m2\repository\software\amazon\ion\ion-java\1.0.2\ion-java-1.0.2.jar;C:\Users\indrajeet.kumar\.m2\repository\com\fasterxml\jackson\dataformat\jackson-dataformat-cbor\2.12.4\jackson-dataformat-cbor-2.12.4.jar;C:\Users\indrajeet.kumar\.m2\repository\com\amazonaws\jmespath-java\1.11.587\jmespath-java-1.11.587.jar;C:\Users\indrajeet.kumar\.m2\repository\com\google\code\gson\gson\2.8.7\gson-2.8.7.jar;C:\Users\indrajeet.kumar\.m2\repository\com\fasterxml\jackson\core\jackson-core\2.12.4\jackson-core-2.12.4.jar;C:\Users\indrajeet.kumar\.m2\repository\com\fasterxml\jackson\core\jackson-databind\2.12.4\jackson-databind-2.12.4.jar;C:\Users\indrajeet.kumar\.m2\repository\com\fasterxml\jackson\core\jackson-annotations\2.12.4\jackson-annotations-2.12.4.jar;C:\Users\indrajeet.kumar\.m2\repository\org\springframework\boot\spring-boot-starter-web\2.5.4\spring-boot-starter-web-2.5.4.jar;C:\Users\indrajeet.kumar\.m2\repository\org\springframework\boot\spring-boot-starter\2.5.4\spring-boot-starter-2.5.4.jar;C:\Users\indrajeet.kumar\.m2\repository\org\springframework\boot\spring-boot\2.5.4\spring-boot-2.5.4.jar;C:\Users\indrajeet.kumar\.m2\repository\org\springframework\boot\spring-boot-autoconfigure\2.5.4\spring-boot-autoconfigure-2.5.4.jar;C:\Users\indrajeet.kumar\.m2\repository\org\springframework\boot\spring-boot-starter-logging\2.5.4\spring-boot-starter-logging-2.5.4.jar;C:\Users\indrajeet.kumar\.m2\repository\ch\qos\logback\logback-classic\1.2.5\logback-classic-1.2.5.jar;C:\Users\indrajeet.kumar\.m2\repository\ch\qos\logback\logback-core\1.2.5\logback-core-1.2.5.jar;C:\Users\indrajeet.kumar\.m2\repository\org\apache\logging\log4j\log4j-to-slf4j\2.14.1\log4j-to-slf4j-2.14.1.jar;C:\Users\indrajeet.kumar\.m2\repository\org\apache\logging\log4j\log4j-api\2.14.1\log4j-api-2.14.1.jar;C:\Users\indrajeet.kumar\.m2\repository\org\slf4j\jul-to-slf4j\1.7.32\jul-to-slf4j-1.7.32.jar;C:\Users\indrajeet.kumar\.m2\repository\jakarta\annotation\jakarta.annotation-api\1.3.5\jakarta.annotation-api-1.3.5.jar;C:\Users\indrajeet.kumar\.m2\repository\org\springframework\boot\spring-boot-starter-json\2.5.4\spring-boot-starter-json-2.5.4.jar;C:\Users\indrajeet.kumar\.m2\repository\com\fasterxml\jackson\datatype\jackson-datatype-jsr310\2.12.4\jackson-datatype-jsr310-2.12.4.jar;C:\Users\indrajeet.kumar\.m2\repository\com\fasterxml\jackson\module\jackson-module-parameter-names\2.12.4\jackson-module-parameter-names-2.12.4.jar;C:\Users\indrajeet.kumar\.m2\repository\org\springframework\boot\spring-boot-starter-tomcat\2.5.4\spring-boot-starter-tomcat-2.5.4.jar;C:\Users\indrajeet.kumar\.m2\repository\org\apache\tomcat\embed\tomcat-embed-core\9.0.52\tomcat-embed-core-9.0.52.jar;C:\Users\indrajeet.kumar\.m2\repository\org\apache\tomcat\embed\tomcat-embed-el\9.0.52\tomcat-embed-el-9.0.52.jar;C:\Users\indrajeet.kumar\.m2\repository\org\apache\tomcat\embed\tomcat-embed-websocket\9.0.52\tomcat-embed-websocket-9.0.52.jar;C:\Users\indrajeet.kumar\.m2\repository\org\springframework\spring-web\5.3.9\spring-web-5.3.9.jar;C:\Users\indrajeet.kumar\.m2\repository\org\springframework\spring-beans\5.3.9\spring-beans-5.3.9.jar;C:\Users\indrajeet.kumar\.m2\repository\org\springframework\spring-webmvc\5.3.9\spring-webmvc-5.3.9.jar;C:\Users\indrajeet.kumar\.m2\repository\org\springframework\spring-aop\5.3.9\spring-aop-5.3.9.jar;C:\Users\indrajeet.kumar\.m2\repository\org\springframework\spring-context\5.3.9\spring-context-5.3.9.jar;C:\Users\indrajeet.kumar\.m2\repository\org\springframework\spring-expression\5.3.9\spring-expression-5.3.9.jar;C:\Users\indrajeet.kumar\.m2\repository\org\projectlombok\lombok\1.18.20\lombok-1.18.20.jar;C:\Users\indrajeet.kumar\.m2\repository\org\springframework\boot\spring-boot-starter-test\2.5.4\spring-boot-starter-test-2.5.4.jar;C:\Users\indrajeet.kumar\.m2\repository\org\springframework\boot\spring-boot-test\2.5.4\spring-boot-test-2.5.4.jar;C:\Users\indrajeet.kumar\.m2\repository\org\springframework\boot\spring-boot-test-autoconfigure\2.5.4\spring-boot-test-autoconfigure-2.5.4.jar;C:\Users\indrajeet.kumar\.m2\repository\com\jayway\jsonpath\json-path\2.5.0\json-path-2.5.0.jar;C:\Users\indrajeet.kumar\.m2\repository\net\minidev\json-smart\2.4.7\json-smart-2.4.7.jar;C:\Users\indrajeet.kumar\.m2\repository\net\minidev\accessors-smart\2.4.7\accessors-smart-2.4.7.jar;C:\Users\indrajeet.kumar\.m2\repository\jakarta\xml\bind\jakarta.xml.bind-api\2.3.3\jakarta.xml.bind-api-2.3.3.jar;C:\Users\indrajeet.kumar\.m2\repository\jakarta\activation\jakarta.activation-api\1.2.2\jakarta.activation-api-1.2.2.jar;C:\Users\indrajeet.kumar\.m2\repository\org\assertj\assertj-core\3.19.0\assertj-core-3.19.0.jar;C:\Users\indrajeet.kumar\.m2\repository\org\hamcrest\hamcrest\2.2\hamcrest-2.2.jar;C:\Users\indrajeet.kumar\.m2\repository\org\junit\jupiter\junit-jupiter\5.7.2\junit-jupiter-5.7.2.jar;C:\Users\indrajeet.kumar\.m2\repository\org\junit\jupiter\junit-jupiter-params\5.7.2\junit-jupiter-params-5.7.2.jar;C:\Users\indrajeet.kumar\.m2\repository\org\junit\jupiter\junit-jupiter-engine\5.7.2\junit-jupiter-engine-5.7.2.jar;C:\Users\indrajeet.kumar\.m2\repository\org\junit\platform\junit-platform-engine\1.7.2\junit-platform-engine-1.7.2.jar;C:\Users\indrajeet.kumar\.m2\repository\org\mockito\mockito-core\3.9.0\mockito-core-3.9.0.jar;C:\Users\indrajeet.kumar\.m2\repository\net\bytebuddy\byte-buddy\1.10.22\byte-buddy-1.10.22.jar;C:\Users\indrajeet.kumar\.m2\repository\net\bytebuddy\byte-buddy-agent\1.10.22\byte-buddy-agent-1.10.22.jar;C:\Users\indrajeet.kumar\.m2\repository\org\objenesis\objenesis\3.2\objenesis-3.2.jar;C:\Users\indrajeet.kumar\.m2\repository\org\mockito\mockito-junit-jupiter\3.9.0\mockito-junit-jupiter-3.9.0.jar;C:\Users\indrajeet.kumar\.m2\repository\org\skyscreamer\jsonassert\1.5.0\jsonassert-1.5.0.jar;C:\Users\indrajeet.kumar\.m2\repository\com\vaadin\external\google\android-json\0.0.20131108.vaadin1\android-json-0.0.20131108.vaadin1.jar;C:\Users\indrajeet.kumar\.m2\repository\org\springframework\spring-core\5.3.9\spring-core-5.3.9.jar;C:\Users\indrajeet.kumar\.m2\repository\org\springframework\spring-jcl\5.3.9\spring-jcl-5.3.9.jar;C:\Users\indrajeet.kumar\.m2\repository\org\springframework\spring-test\5.3.9\spring-test-5.3.9.jar;C:\Users\indrajeet.kumar\.m2\repository\org\xmlunit\xmlunit-core\2.8.2\xmlunit-core-2.8.2.jar;"/>
    <property name="java.vm.vendor" value="Oracle Corporation"/>
    <property name="sun.arch.data.model" value="64"/>
    <property name="user.variant" value=""/>
    <property name="java.vendor.url" value="https://openjdk.java.net/"/>
    <property name="user.timezone" value="Asia/Calcutta"/>
    <property name="java.vm.specification.version" value="11"/>
    <property name="os.name" value="Windows 10"/>
    <property name="sun.java.launcher" value="SUN_STANDARD"/>
    <property name="user.country" value="US"/>
    <property name="sun.boot.library.path" value="C:\Program Files\Java\jdk-11.0.13\bin"/>
    <property name="sun.java.command" value="C:\Users\indrajeet.kumar\AppData\Local\Temp\surefire2718433461078227697\surefirebooter10982508244855112396.jar C:\Users\indrajeet.kumar\AppData\Local\Temp\surefire2718433461078227697 2022-10-25T20-47-35_022-jvmRun1 surefire18048891668208402149tmp surefire_016701700731961461336tmp"/>
    <property name="jdk.debug" value="release"/>
    <property name="test" value="PactAgeProviderTest"/>
    <property name="surefire.test.class.path" value="C:\Users\indrajeet.kumar\pact-contract-testing\ContractTestingBoilerplate\date-provider\target\test-classes;C:\Users\indrajeet.kumar\pact-contract-testing\ContractTestingBoilerplate\date-provider\target\classes;C:\Users\indrajeet.kumar\.m2\repository\au\com\dius\pact\provider\junit5\4.1.10\junit5-4.1.10.jar;C:\Users\indrajeet.kumar\.m2\repository\org\junit\jupiter\junit-jupiter-api\5.7.2\junit-jupiter-api-5.7.2.jar;C:\Users\indrajeet.kumar\.m2\repository\org\apiguardian\apiguardian-api\1.1.0\apiguardian-api-1.1.0.jar;C:\Users\indrajeet.kumar\.m2\repository\org\opentest4j\opentest4j\1.2.0\opentest4j-1.2.0.jar;C:\Users\indrajeet.kumar\.m2\repository\org\junit\platform\junit-platform-commons\1.7.2\junit-platform-commons-1.7.2.jar;C:\Users\indrajeet.kumar\.m2\repository\au\com\dius\pact\core\support\4.1.10\support-4.1.10.jar;C:\Users\indrajeet.kumar\.m2\repository\org\antlr\antlr4\4.7.2\antlr4-4.7.2.jar;C:\Users\indrajeet.kumar\.m2\repository\org\antlr\antlr4-runtime\4.7.2\antlr4-runtime-4.7.2.jar;C:\Users\indrajeet.kumar\.m2\repository\org\antlr\antlr-runtime\3.5.2\antlr-runtime-3.5.2.jar;C:\Users\indrajeet.kumar\.m2\repository\org\antlr\ST4\4.1\ST4-4.1.jar;C:\Users\indrajeet.kumar\.m2\repository\org\abego\treelayout\org.abego.treelayout.core\1.0.3\org.abego.treelayout.core-1.0.3.jar;C:\Users\indrajeet.kumar\.m2\repository\org\glassfish\javax.json\1.0.4\javax.json-1.0.4.jar;C:\Users\indrajeet.kumar\.m2\repository\com\ibm\icu\icu4j\61.1\icu4j-61.1.jar;C:\Users\indrajeet.kumar\.m2\repository\io\github\microutils\kotlin-logging\1.6.26\kotlin-logging-1.6.26.jar;C:\Users\indrajeet.kumar\.m2\repository\io\github\microutils\kotlin-logging-common\1.6.26\kotlin-logging-common-1.6.26.jar;C:\Users\indrajeet.kumar\.m2\repository\org\apache\httpcomponents\httpclient\4.5.13\httpclient-4.5.13.jar;C:\Users\indrajeet.kumar\.m2\repository\org\apache\httpcomponents\httpcore\4.4.14\httpcore-4.4.14.jar;C:\Users\indrajeet.kumar\.m2\repository\commons-codec\commons-codec\1.15\commons-codec-1.15.jar;C:\Users\indrajeet.kumar\.m2\repository\com\michael-bull\kotlin-result\kotlin-result\1.1.6\kotlin-result-1.1.6.jar;C:\Users\indrajeet.kumar\.m2\repository\org\jetbrains\kotlin\kotlin-stdlib\1.5.21\kotlin-stdlib-1.5.21.jar;C:\Users\indrajeet.kumar\.m2\repository\org\jetbrains\annotations\13.0\annotations-13.0.jar;C:\Users\indrajeet.kumar\.m2\repository\org\jetbrains\kotlin\kotlin-stdlib-common\1.5.21\kotlin-stdlib-common-1.5.21.jar;C:\Users\indrajeet.kumar\.m2\repository\org\jetbrains\kotlin\kotlin-stdlib-jdk8\1.5.21\kotlin-stdlib-jdk8-1.5.21.jar;C:\Users\indrajeet.kumar\.m2\repository\org\jetbrains\kotlin\kotlin-stdlib-jdk7\1.5.21\kotlin-stdlib-jdk7-1.5.21.jar;C:\Users\indrajeet.kumar\.m2\repository\org\jetbrains\kotlin\kotlin-reflect\1.5.21\kotlin-reflect-1.5.21.jar;C:\Users\indrajeet.kumar\.m2\repository\org\apache\commons\commons-lang3\3.12.0\commons-lang3-3.12.0.jar;C:\Users\indrajeet.kumar\.m2\repository\com\google\code\findbugs\jsr305\3.0.2\jsr305-3.0.2.jar;C:\Users\indrajeet.kumar\.m2\repository\au\com\dius\pact\provider\4.1.10\provider-4.1.10.jar;C:\Users\indrajeet.kumar\.m2\repository\commons-io\commons-io\2.5\commons-io-2.5.jar;C:\Users\indrajeet.kumar\.m2\repository\au\com\dius\pact\core\model\4.1.10\model-4.1.10.jar;C:\Users\indrajeet.kumar\.m2\repository\org\apache\tika\tika-core\1.24.1\tika-core-1.24.1.jar;C:\Users\indrajeet.kumar\.m2\repository\au\com\dius\pact\core\pactbroker\4.1.10\pactbroker-4.1.10.jar;C:\Users\indrajeet.kumar\.m2\repository\au\com\dius\pact\core\matchers\4.1.10\matchers-4.1.10.jar;C:\Users\indrajeet.kumar\.m2\repository\com\googlecode\java-diff-utils\diffutils\1.3.0\diffutils-1.3.0.jar;C:\Users\indrajeet.kumar\.m2\repository\xerces\xercesImpl\2.12.0\xercesImpl-2.12.0.jar;C:\Users\indrajeet.kumar\.m2\repository\xml-apis\xml-apis\1.4.01\xml-apis-1.4.01.jar;C:\Users\indrajeet.kumar\.m2\repository\org\atteo\evo-inflector\1.2.2\evo-inflector-1.2.2.jar;C:\Users\indrajeet.kumar\.m2\repository\org\scala-lang\scala-library\2.13.2\scala-library-2.13.2.jar;C:\Users\indrajeet.kumar\.m2\repository\io\github\classgraph\classgraph\4.8.25\classgraph-4.8.25.jar;C:\Users\indrajeet.kumar\.m2\repository\org\codehaus\groovy\groovy\3.0.8\groovy-3.0.8.jar;C:\Users\indrajeet.kumar\.m2\repository\com\github\ajalt\mordant\1.2.1\mordant-1.2.1.jar;C:\Users\indrajeet.kumar\.m2\repository\com\github\ajalt\colormath\1.2.0\colormath-1.2.0.jar;C:\Users\indrajeet.kumar\.m2\repository\com\vladsch\flexmark\flexmark\0.62.2\flexmark-0.62.2.jar;C:\Users\indrajeet.kumar\.m2\repository\com\vladsch\flexmark\flexmark-util-ast\0.62.2\flexmark-util-ast-0.62.2.jar;C:\Users\indrajeet.kumar\.m2\repository\com\vladsch\flexmark\flexmark-util-builder\0.62.2\flexmark-util-builder-0.62.2.jar;C:\Users\indrajeet.kumar\.m2\repository\com\vladsch\flexmark\flexmark-util-collection\0.62.2\flexmark-util-collection-0.62.2.jar;C:\Users\indrajeet.kumar\.m2\repository\com\vladsch\flexmark\flexmark-util-data\0.62.2\flexmark-util-data-0.62.2.jar;C:\Users\indrajeet.kumar\.m2\repository\com\vladsch\flexmark\flexmark-util-dependency\0.62.2\flexmark-util-dependency-0.62.2.jar;C:\Users\indrajeet.kumar\.m2\repository\com\vladsch\flexmark\flexmark-util-format\0.62.2\flexmark-util-format-0.62.2.jar;C:\Users\indrajeet.kumar\.m2\repository\com\vladsch\flexmark\flexmark-util-html\0.62.2\flexmark-util-html-0.62.2.jar;C:\Users\indrajeet.kumar\.m2\repository\com\vladsch\flexmark\flexmark-util-misc\0.62.2\flexmark-util-misc-0.62.2.jar;C:\Users\indrajeet.kumar\.m2\repository\com\vladsch\flexmark\flexmark-util-sequence\0.62.2\flexmark-util-sequence-0.62.2.jar;C:\Users\indrajeet.kumar\.m2\repository\com\vladsch\flexmark\flexmark-util-visitor\0.62.2\flexmark-util-visitor-0.62.2.jar;C:\Users\indrajeet.kumar\.m2\repository\com\vladsch\flexmark\flexmark-ext-tables\0.62.2\flexmark-ext-tables-0.62.2.jar;C:\Users\indrajeet.kumar\.m2\repository\com\vladsch\flexmark\flexmark-util\0.62.2\flexmark-util-0.62.2.jar;C:\Users\indrajeet.kumar\.m2\repository\com\vladsch\flexmark\flexmark-util-options\0.62.2\flexmark-util-options-0.62.2.jar;C:\Users\indrajeet.kumar\.m2\repository\org\slf4j\slf4j-api\1.7.32\slf4j-api-1.7.32.jar;C:\Users\indrajeet.kumar\.m2\repository\org\springframework\cloud\spring-cloud-starter-contract-verifier\2.2.4.RELEASE\spring-cloud-starter-contract-verifier-2.2.4.RELEASE.jar;C:\Users\indrajeet.kumar\.m2\repository\org\springframework\cloud\spring-cloud-contract-verifier\2.2.4.RELEASE\spring-cloud-contract-verifier-2.2.4.RELEASE.jar;C:\Users\indrajeet.kumar\.m2\repository\org\springframework\cloud\spring-cloud-contract-spec\2.2.4.RELEASE\spring-cloud-contract-spec-2.2.4.RELEASE.jar;C:\Users\indrajeet.kumar\.m2\repository\org\springframework\cloud\spring-cloud-contract-spec-java\2.2.4.RELEASE\spring-cloud-contract-spec-java-2.2.4.RELEASE.jar;C:\Users\indrajeet.kumar\.m2\repository\org\apache\commons\commons-text\1.7\commons-text-1.7.jar;C:\Users\indrajeet.kumar\.m2\repository\org\springframework\cloud\spring-cloud-contract-spec-groovy\2.2.4.RELEASE\spring-cloud-contract-spec-groovy-2.2.4.RELEASE.jar;C:\Users\indrajeet.kumar\.m2\repository\org\springframework\cloud\spring-cloud-contract-shade\2.2.4.RELEASE\spring-cloud-contract-shade-2.2.4.RELEASE.jar;C:\Users\indrajeet.kumar\.m2\repository\javax\inject\javax.inject\1\javax.inject-1.jar;C:\Users\indrajeet.kumar\.m2\repository\com\github\tomakehurst\wiremock-jre8-standalone\2.26.2\wiremock-jre8-standalone-2.26.2.jar;C:\Users\indrajeet.kumar\.m2\repository\org\apache\maven\resolver\maven-resolver-api\1.3.3\maven-resolver-api-1.3.3.jar;C:\Users\indrajeet.kumar\.m2\repository\com\rackspace\eclipse\webtools\sourceediting\org.eclipse.wst.xml.xpath2.processor\2.1.100\org.eclipse.wst.xml.xpath2.processor-2.1.100.jar;C:\Users\indrajeet.kumar\.m2\repository\edu\princeton\cup\java-cup\10k\java-cup-10k.jar;C:\Users\indrajeet.kumar\.m2\repository\org\codehaus\groovy\groovy-nio\3.0.8\groovy-nio-3.0.8.jar;C:\Users\indrajeet.kumar\.m2\repository\org\codehaus\groovy\groovy-json\3.0.8\groovy-json-3.0.8.jar;C:\Users\indrajeet.kumar\.m2\repository\org\codehaus\groovy\groovy-xml\3.0.8\groovy-xml-3.0.8.jar;C:\Users\indrajeet.kumar\.m2\repository\com\github\jknack\handlebars\4.1.2\handlebars-4.1.2.jar;C:\Users\indrajeet.kumar\.m2\repository\commons-beanutils\commons-beanutils\1.9.4\commons-beanutils-1.9.4.jar;C:\Users\indrajeet.kumar\.m2\repository\commons-logging\commons-logging\1.2\commons-logging-1.2.jar;C:\Users\indrajeet.kumar\.m2\repository\commons-collections\commons-collections\3.2.2\commons-collections-3.2.2.jar;C:\Users\indrajeet.kumar\.m2\repository\org\yaml\snakeyaml\1.28\snakeyaml-1.28.jar;C:\Users\indrajeet.kumar\.m2\repository\com\fasterxml\jackson\dataformat\jackson-dataformat-yaml\2.12.4\jackson-dataformat-yaml-2.12.4.jar;C:\Users\indrajeet.kumar\.m2\repository\org\springframework\cloud\spring-cloud-function-compiler\3.0.9.RELEASE\spring-cloud-function-compiler-3.0.9.RELEASE.jar;C:\Users\indrajeet.kumar\.m2\repository\io\projectreactor\reactor-core\3.4.9\reactor-core-3.4.9.jar;C:\Users\indrajeet.kumar\.m2\repository\org\reactivestreams\reactive-streams\1.0.3\reactive-streams-1.0.3.jar;C:\Users\indrajeet.kumar\.m2\repository\org\eclipse\jdt\core\compiler\ecj\4.4.2\ecj-4.4.2.jar;C:\Users\indrajeet.kumar\.m2\repository\org\springframework\cloud\spring-cloud-function-core\3.0.9.RELEASE\spring-cloud-function-core-3.0.9.RELEASE.jar;C:\Users\indrajeet.kumar\.m2\repository\javax\annotation\javax.annotation-api\1.3.2\javax.annotation-api-1.3.2.jar;C:\Users\indrajeet.kumar\.m2\repository\io\rest-assured\rest-assured\4.3.3\rest-assured-4.3.3.jar;C:\Users\indrajeet.kumar\.m2\repository\org\apache\httpcomponents\httpmime\4.5.13\httpmime-4.5.13.jar;C:\Users\indrajeet.kumar\.m2\repository\org\ccil\cowan\tagsoup\tagsoup\1.2.1\tagsoup-1.2.1.jar;C:\Users\indrajeet.kumar\.m2\repository\io\rest-assured\json-path\4.3.3\json-path-4.3.3.jar;C:\Users\indrajeet.kumar\.m2\repository\io\rest-assured\rest-assured-common\4.3.3\rest-assured-common-4.3.3.jar;C:\Users\indrajeet.kumar\.m2\repository\io\rest-assured\xml-path\4.3.3\xml-path-4.3.3.jar;C:\Users\indrajeet.kumar\.m2\repository\com\sun\xml\bind\jaxb-impl\2.3.3\jaxb-impl-2.3.3.jar;C:\Users\indrajeet.kumar\.m2\repository\io\rest-assured\spring-mock-mvc\4.3.3\spring-mock-mvc-4.3.3.jar;C:\Users\indrajeet.kumar\.m2\repository\io\rest-assured\spring-commons\4.3.3\spring-commons-4.3.3.jar;C:\Users\indrajeet.kumar\.m2\repository\com\toomuchcoding\jsonassert\jsonassert\0.4.14\jsonassert-0.4.14.jar;C:\Users\indrajeet.kumar\.m2\repository\cglib\cglib\3.2.9\cglib-3.2.9.jar;C:\Users\indrajeet.kumar\.m2\repository\org\ow2\asm\asm\7.0\asm-7.0.jar;C:\Users\indrajeet.kumar\.m2\repository\org\apache\ant\ant\1.10.3\ant-1.10.3.jar;C:\Users\indrajeet.kumar\.m2\repository\org\apache\ant\ant-launcher\1.10.3\ant-launcher-1.10.3.jar;C:\Users\indrajeet.kumar\.m2\repository\org\springdoc\springdoc-openapi-ui\1.4.8\springdoc-openapi-ui-1.4.8.jar;C:\Users\indrajeet.kumar\.m2\repository\org\springdoc\springdoc-openapi-webmvc-core\1.4.8\springdoc-openapi-webmvc-core-1.4.8.jar;C:\Users\indrajeet.kumar\.m2\repository\org\springdoc\springdoc-openapi-common\1.4.8\springdoc-openapi-common-1.4.8.jar;C:\Users\indrajeet.kumar\.m2\repository\io\swagger\core\v3\swagger-models\2.1.4\swagger-models-2.1.4.jar;C:\Users\indrajeet.kumar\.m2\repository\io\swagger\core\v3\swagger-annotations\2.1.4\swagger-annotations-2.1.4.jar;C:\Users\indrajeet.kumar\.m2\repository\io\swagger\core\v3\swagger-integration\2.1.4\swagger-integration-2.1.4.jar;C:\Users\indrajeet.kumar\.m2\repository\io\swagger\core\v3\swagger-core\2.1.4\swagger-core-2.1.4.jar;C:\Users\indrajeet.kumar\.m2\repository\jakarta\validation\jakarta.validation-api\2.0.2\jakarta.validation-api-2.0.2.jar;C:\Users\indrajeet.kumar\.m2\repository\org\webjars\swagger-ui\3.34.0\swagger-ui-3.34.0.jar;C:\Users\indrajeet.kumar\.m2\repository\org\webjars\webjars-locator-core\0.46\webjars-locator-core-0.46.jar;C:\Users\indrajeet.kumar\.m2\repository\com\atlassian\oai\swagger-request-validator-pact\2.11.0\swagger-request-validator-pact-2.11.0.jar;C:\Users\indrajeet.kumar\.m2\repository\com\atlassian\oai\swagger-request-validator-core\2.11.0\swagger-request-validator-core-2.11.0.jar;C:\Users\indrajeet.kumar\.m2\repository\io\swagger\parser\v3\swagger-parser\2.0.20\swagger-parser-2.0.20.jar;C:\Users\indrajeet.kumar\.m2\repository\io\swagger\parser\v3\swagger-parser-v2-converter\2.0.20\swagger-parser-v2-converter-2.0.20.jar;C:\Users\indrajeet.kumar\.m2\repository\io\swagger\swagger-core\1.6.1\swagger-core-1.6.1.jar;C:\Users\indrajeet.kumar\.m2\repository\io\swagger\swagger-models\1.6.1\swagger-models-1.6.1.jar;C:\Users\indrajeet.kumar\.m2\repository\io\swagger\swagger-annotations\1.6.1\swagger-annotations-1.6.1.jar;C:\Users\indrajeet.kumar\.m2\repository\javax\validation\validation-api\2.0.1.Final\validation-api-2.0.1.Final.jar;C:\Users\indrajeet.kumar\.m2\repository\io\swagger\swagger-parser\1.0.51\swagger-parser-1.0.51.jar;C:\Users\indrajeet.kumar\.m2\repository\io\swagger\swagger-compat-spec-parser\1.0.51\swagger-compat-spec-parser-1.0.51.jar;C:\Users\indrajeet.kumar\.m2\repository\com\github\fge\json-patch\1.6\json-patch-1.6.jar;C:\Users\indrajeet.kumar\.m2\repository\com\github\fge\jackson-coreutils\1.6\jackson-coreutils-1.6.jar;C:\Users\indrajeet.kumar\.m2\repository\io\swagger\parser\v3\swagger-parser-core\2.0.20\swagger-parser-core-2.0.20.jar;C:\Users\indrajeet.kumar\.m2\repository\io\swagger\parser\v3\swagger-parser-v3\2.0.20\swagger-parser-v3-2.0.20.jar;C:\Users\indrajeet.kumar\.m2\repository\org\slf4j\slf4j-ext\1.7.32\slf4j-ext-1.7.32.jar;C:\Users\indrajeet.kumar\.m2\repository\com\github\java-json-tools\json-schema-validator\2.2.11\json-schema-validator-2.2.11.jar;C:\Users\indrajeet.kumar\.m2\repository\com\github\java-json-tools\json-schema-core\1.2.10\json-schema-core-1.2.10.jar;C:\Users\indrajeet.kumar\.m2\repository\com\github\java-json-tools\jackson-coreutils\1.9\jackson-coreutils-1.9.jar;C:\Users\indrajeet.kumar\.m2\repository\com\github\fge\msg-simple\1.1\msg-simple-1.1.jar;C:\Users\indrajeet.kumar\.m2\repository\com\github\fge\btf\1.2\btf-1.2.jar;C:\Users\indrajeet.kumar\.m2\repository\com\github\fge\uri-template\0.9\uri-template-0.9.jar;C:\Users\indrajeet.kumar\.m2\repository\org\mozilla\rhino\1.7.7.1\rhino-1.7.7.1.jar;C:\Users\indrajeet.kumar\.m2\repository\com\sun\mail\mailapi\1.6.1\mailapi-1.6.1.jar;C:\Users\indrajeet.kumar\.m2\repository\joda-time\joda-time\2.9.7\joda-time-2.9.7.jar;C:\Users\indrajeet.kumar\.m2\repository\com\googlecode\libphonenumber\libphonenumber\8.0.0\libphonenumber-8.0.0.jar;C:\Users\indrajeet.kumar\.m2\repository\net\sf\jopt-simple\jopt-simple\5.0.3\jopt-simple-5.0.3.jar;C:\Users\indrajeet.kumar\.m2\repository\com\google\guava\guava\28.1-jre\guava-28.1-jre.jar;C:\Users\indrajeet.kumar\.m2\repository\com\google\guava\failureaccess\1.0.1\failureaccess-1.0.1.jar;C:\Users\indrajeet.kumar\.m2\repository\com\google\guava\listenablefuture\9999.0-empty-to-avoid-conflict-with-guava\listenablefuture-9999.0-empty-to-avoid-conflict-with-guava.jar;C:\Users\indrajeet.kumar\.m2\repository\org\checkerframework\checker-qual\2.8.1\checker-qual-2.8.1.jar;C:\Users\indrajeet.kumar\.m2\repository\com\google\errorprone\error_prone_annotations\2.3.2\error_prone_annotations-2.3.2.jar;C:\Users\indrajeet.kumar\.m2\repository\com\google\j2objc\j2objc-annotations\1.3\j2objc-annotations-1.3.jar;C:\Users\indrajeet.kumar\.m2\repository\org\codehaus\mojo\animal-sniffer-annotations\1.18\animal-sniffer-annotations-1.18.jar;C:\Users\indrajeet.kumar\.m2\repository\com\fasterxml\jackson\datatype\jackson-datatype-jdk8\2.12.4\jackson-datatype-jdk8-2.12.4.jar;C:\Users\indrajeet.kumar\.m2\repository\au\com\dius\pact-jvm-model\3.6.14\pact-jvm-model-3.6.14.jar;C:\Users\indrajeet.kumar\.m2\repository\au\com\dius\pact-jvm-support\3.6.14\pact-jvm-support-3.6.14.jar;C:\Users\indrajeet.kumar\.m2\repository\com\github\salomonbrys\kotson\kotson\2.5.0\kotson-2.5.0.jar;C:\Users\indrajeet.kumar\.m2\repository\au\com\dius\pact-jvm-pact-broker\3.6.14\pact-jvm-pact-broker-3.6.14.jar;C:\Users\indrajeet.kumar\.m2\repository\org\dmfs\rfc3986-uri\0.8\rfc3986-uri-0.8.jar;C:\Users\indrajeet.kumar\.m2\repository\org\dmfs\iterators\1.5\iterators-1.5.jar;C:\Users\indrajeet.kumar\.m2\repository\org\dmfs\optional\0.3\optional-0.3.jar;C:\Users\indrajeet.kumar\.m2\repository\com\github\zafarkhaja\java-semver\0.9.0\java-semver-0.9.0.jar;C:\Users\indrajeet.kumar\.m2\repository\org\apache\commons\commons-collections4\4.1\commons-collections4-4.1.jar;C:\Users\indrajeet.kumar\.m2\repository\com\github\mifmif\generex\1.0.2\generex-1.0.2.jar;C:\Users\indrajeet.kumar\.m2\repository\dk\brics\automaton\automaton\1.11-8\automaton-1.11-8.jar;C:\Users\indrajeet.kumar\.m2\repository\javax\mail\mail\1.5.0-b01\mail-1.5.0-b01.jar;C:\Users\indrajeet.kumar\.m2\repository\javax\activation\activation\1.1\activation-1.1.jar;C:\Users\indrajeet.kumar\.m2\repository\com\amazonaws\aws-java-sdk-s3\1.11.587\aws-java-sdk-s3-1.11.587.jar;C:\Users\indrajeet.kumar\.m2\repository\com\amazonaws\aws-java-sdk-kms\1.11.587\aws-java-sdk-kms-1.11.587.jar;C:\Users\indrajeet.kumar\.m2\repository\com\amazonaws\aws-java-sdk-core\1.11.587\aws-java-sdk-core-1.11.587.jar;C:\Users\indrajeet.kumar\.m2\repository\software\amazon\ion\ion-java\1.0.2\ion-java-1.0.2.jar;C:\Users\indrajeet.kumar\.m2\repository\com\fasterxml\jackson\dataformat\jackson-dataformat-cbor\2.12.4\jackson-dataformat-cbor-2.12.4.jar;C:\Users\indrajeet.kumar\.m2\repository\com\amazonaws\jmespath-java\1.11.587\jmespath-java-1.11.587.jar;C:\Users\indrajeet.kumar\.m2\repository\com\google\code\gson\gson\2.8.7\gson-2.8.7.jar;C:\Users\indrajeet.kumar\.m2\repository\com\fasterxml\jackson\core\jackson-core\2.12.4\jackson-core-2.12.4.jar;C:\Users\indrajeet.kumar\.m2\repository\com\fasterxml\jackson\core\jackson-databind\2.12.4\jackson-databind-2.12.4.jar;C:\Users\indrajeet.kumar\.m2\repository\com\fasterxml\jackson\core\jackson-annotations\2.12.4\jackson-annotations-2.12.4.jar;C:\Users\indrajeet.kumar\.m2\repository\org\springframework\boot\spring-boot-starter-web\2.5.4\spring-boot-starter-web-2.5.4.jar;C:\Users\indrajeet.kumar\.m2\repository\org\springframework\boot\spring-boot-starter\2.5.4\spring-boot-starter-2.5.4.jar;C:\Users\indrajeet.kumar\.m2\repository\org\springframework\boot\spring-boot\2.5.4\spring-boot-2.5.4.jar;C:\Users\indrajeet.kumar\.m2\repository\org\springframework\boot\spring-boot-autoconfigure\2.5.4\spring-boot-autoconfigure-2.5.4.jar;C:\Users\indrajeet.kumar\.m2\repository\org\springframework\boot\spring-boot-starter-logging\2.5.4\spring-boot-starter-logging-2.5.4.jar;C:\Users\indrajeet.kumar\.m2\repository\ch\qos\logback\logback-classic\1.2.5\logback-classic-1.2.5.jar;C:\Users\indrajeet.kumar\.m2\repository\ch\qos\logback\logback-core\1.2.5\logback-core-1.2.5.jar;C:\Users\indrajeet.kumar\.m2\repository\org\apache\logging\log4j\log4j-to-slf4j\2.14.1\log4j-to-slf4j-2.14.1.jar;C:\Users\indrajeet.kumar\.m2\repository\org\apache\logging\log4j\log4j-api\2.14.1\log4j-api-2.14.1.jar;C:\Users\indrajeet.kumar\.m2\repository\org\slf4j\jul-to-slf4j\1.7.32\jul-to-slf4j-1.7.32.jar;C:\Users\indrajeet.kumar\.m2\repository\jakarta\annotation\jakarta.annotation-api\1.3.5\jakarta.annotation-api-1.3.5.jar;C:\Users\indrajeet.kumar\.m2\repository\org\springframework\boot\spring-boot-starter-json\2.5.4\spring-boot-starter-json-2.5.4.jar;C:\Users\indrajeet.kumar\.m2\repository\com\fasterxml\jackson\datatype\jackson-datatype-jsr310\2.12.4\jackson-datatype-jsr310-2.12.4.jar;C:\Users\indrajeet.kumar\.m2\repository\com\fasterxml\jackson\module\jackson-module-parameter-names\2.12.4\jackson-module-parameter-names-2.12.4.jar;C:\Users\indrajeet.kumar\.m2\repository\org\springframework\boot\spring-boot-starter-tomcat\2.5.4\spring-boot-starter-tomcat-2.5.4.jar;C:\Users\indrajeet.kumar\.m2\repository\org\apache\tomcat\embed\tomcat-embed-core\9.0.52\tomcat-embed-core-9.0.52.jar;C:\Users\indrajeet.kumar\.m2\repository\org\apache\tomcat\embed\tomcat-embed-el\9.0.52\tomcat-embed-el-9.0.52.jar;C:\Users\indrajeet.kumar\.m2\repository\org\apache\tomcat\embed\tomcat-embed-websocket\9.0.52\tomcat-embed-websocket-9.0.52.jar;C:\Users\indrajeet.kumar\.m2\repository\org\springframework\spring-web\5.3.9\spring-web-5.3.9.jar;C:\Users\indrajeet.kumar\.m2\repository\org\springframework\spring-beans\5.3.9\spring-beans-5.3.9.jar;C:\Users\indrajeet.kumar\.m2\repository\org\springframework\spring-webmvc\5.3.9\spring-webmvc-5.3.9.jar;C:\Users\indrajeet.kumar\.m2\repository\org\springframework\spring-aop\5.3.9\spring-aop-5.3.9.jar;C:\Users\indrajeet.kumar\.m2\repository\org\springframework\spring-context\5.3.9\spring-context-5.3.9.jar;C:\Users\indrajeet.kumar\.m2\repository\org\springframework\spring-expression\5.3.9\spring-expression-5.3.9.jar;C:\Users\indrajeet.kumar\.m2\repository\org\projectlombok\lombok\1.18.20\lombok-1.18.20.jar;C:\Users\indrajeet.kumar\.m2\repository\org\springframework\boot\spring-boot-starter-test\2.5.4\spring-boot-starter-test-2.5.4.jar;C:\Users\indrajeet.kumar\.m2\repository\org\springframework\boot\spring-boot-test\2.5.4\spring-boot-test-2.5.4.jar;C:\Users\indrajeet.kumar\.m2\repository\org\springframework\boot\spring-boot-test-autoconfigure\2.5.4\spring-boot-test-autoconfigure-2.5.4.jar;C:\Users\indrajeet.kumar\.m2\repository\com\jayway\jsonpath\json-path\2.5.0\json-path-2.5.0.jar;C:\Users\indrajeet.kumar\.m2\repository\net\minidev\json-smart\2.4.7\json-smart-2.4.7.jar;C:\Users\indrajeet.kumar\.m2\repository\net\minidev\accessors-smart\2.4.7\accessors-smart-2.4.7.jar;C:\Users\indrajeet.kumar\.m2\repository\jakarta\xml\bind\jakarta.xml.bind-api\2.3.3\jakarta.xml.bind-api-2.3.3.jar;C:\Users\indrajeet.kumar\.m2\repository\jakarta\activation\jakarta.activation-api\1.2.2\jakarta.activation-api-1.2.2.jar;C:\Users\indrajeet.kumar\.m2\repository\org\assertj\assertj-core\3.19.0\assertj-core-3.19.0.jar;C:\Users\indrajeet.kumar\.m2\repository\org\hamcrest\hamcrest\2.2\hamcrest-2.2.jar;C:\Users\indrajeet.kumar\.m2\repository\org\junit\jupiter\junit-jupiter\5.7.2\junit-jupiter-5.7.2.jar;C:\Users\indrajeet.kumar\.m2\repository\org\junit\jupiter\junit-jupiter-params\5.7.2\junit-jupiter-params-5.7.2.jar;C:\Users\indrajeet.kumar\.m2\repository\org\junit\jupiter\junit-jupiter-engine\5.7.2\junit-jupiter-engine-5.7.2.jar;C:\Users\indrajeet.kumar\.m2\repository\org\junit\platform\junit-platform-engine\1.7.2\junit-platform-engine-1.7.2.jar;C:\Users\indrajeet.kumar\.m2\repository\org\mockito\mockito-core\3.9.0\mockito-core-3.9.0.jar;C:\Users\indrajeet.kumar\.m2\repository\net\bytebuddy\byte-buddy\1.10.22\byte-buddy-1.10.22.jar;C:\Users\indrajeet.kumar\.m2\repository\net\bytebuddy\byte-buddy-agent\1.10.22\byte-buddy-agent-1.10.22.jar;C:\Users\indrajeet.kumar\.m2\repository\org\objenesis\objenesis\3.2\objenesis-3.2.jar;C:\Users\indrajeet.kumar\.m2\repository\org\mockito\mockito-junit-jupiter\3.9.0\mockito-junit-jupiter-3.9.0.jar;C:\Users\indrajeet.kumar\.m2\repository\org\skyscreamer\jsonassert\1.5.0\jsonassert-1.5.0.jar;C:\Users\indrajeet.kumar\.m2\repository\com\vaadin\external\google\android-json\0.0.20131108.vaadin1\android-json-0.0.20131108.vaadin1.jar;C:\Users\indrajeet.kumar\.m2\repository\org\springframework\spring-core\5.3.9\spring-core-5.3.9.jar;C:\Users\indrajeet.kumar\.m2\repository\org\springframework\spring-jcl\5.3.9\spring-jcl-5.3.9.jar;C:\Users\indrajeet.kumar\.m2\repository\org\springframework\spring-test\5.3.9\spring-test-5.3.9.jar;C:\Users\indrajeet.kumar\.m2\repository\org\xmlunit\xmlunit-core\2.8.2\xmlunit-core-2.8.2.jar;"/>
    <property name="sun.cpu.endian" value="little"/>
    <property name="user.home" value="C:\Users\indrajeet.kumar"/>
    <property name="user.language" value="en"/>
    <property name="java.specification.vendor" value="Oracle Corporation"/>
    <property name="java.version.date" value="2021-10-19"/>
    <property name="java.home" value="C:\Program Files\Java\jdk-11.0.13"/>
    <property name="file.separator" value="\"/>
    <property name="basedir" value="C:\Users\indrajeet.kumar\pact-contract-testing\ContractTestingBoilerplate\date-provider"/>
    <property name="java.vm.compressedOopsMode" value="Zero based"/>
    <property name="line.separator" value="&#10;"/>
    <property name="java.specification.name" value="Java Platform API Specification"/>
    <property name="java.vm.specification.vendor" value="Oracle Corporation"/>
    <property name="java.awt.graphicsenv" value="sun.awt.Win32GraphicsEnvironment"/>
    <property name="surefire.real.class.path" value="C:\Users\indrajeet.kumar\AppData\Local\Temp\surefire2718433461078227697\surefirebooter10982508244855112396.jar"/>
    <property name="user.script" value=""/>
    <property name="sun.management.compiler" value="HotSpot 64-Bit Tiered Compilers"/>
    <property name="java.runtime.version" value="11.0.13+10-LTS-370"/>
    <property name="user.name" value="indrajeet.kumar"/>
    <property name="path.separator" value=";"/>
    <property name="pact.verifier.publishResults" value="true"/>
    <property name="os.version" value="10.0"/>
    <property name="java.runtime.name" value="Java(TM) SE Runtime Environment"/>
    <property name="file.encoding" value="Cp1252"/>
    <property name="java.vm.name" value="Java HotSpot(TM) 64-Bit Server VM"/>
    <property name="java.vendor.version" value="18.9"/>
    <property name="localRepository" value="C:\Users\indrajeet.kumar\.m2\repository"/>
    <property name="java.vendor.url.bug" value="https://bugreport.java.com/bugreport/"/>
    <property name="java.io.tmpdir" value="C:\Users\INDRAJ~1.KUM\AppData\Local\Temp\"/>
    <property name="java.version" value="11.0.13"/>
    <property name="user.dir" value="C:\Users\indrajeet.kumar\pact-contract-testing\ContractTestingBoilerplate\date-provider"/>
    <property name="os.arch" value="amd64"/>
    <property name="java.vm.specification.name" value="Java Virtual Machine Specification"/>
    <property name="java.awt.printerjob" value="sun.awt.windows.WPrinterJob"/>
    <property name="sun.os.patch.level" value=""/>
    <property name="java.library.path" value="C:\Program Files\Java\jdk-11.0.13\bin;C:\WINDOWS\Sun\Java\bin;C:\WINDOWS\system32;C:\WINDOWS;C:\Users\indrajeet.kumar\bin;C:\Users\indrajeet.kumar\AppData\Local\Programs\Git\mingw64\bin;C:\Users\indrajeet.kumar\AppData\Local\Programs\Git\usr\local\bin;C:\Users\indrajeet.kumar\AppData\Local\Programs\Git\usr\bin;C:\Users\indrajeet.kumar\AppData\Local\Programs\Git\usr\bin;C:\Users\indrajeet.kumar\AppData\Local\Programs\Git\mingw64\bin;C:\Users\indrajeet.kumar\AppData\Local\Programs\Git\usr\bin;C:\Users\indrajeet.kumar\bin;C:\Program Files\Common Files\Oracle\Java\javapath;C:\ProgramData\Oracle\Java\javapath;C:\WINDOWS\system32;C:\WINDOWS;C:\WINDOWS\System32\Wbem;C:\WINDOWS\System32\WindowsPowerShell\v1.0;C:\WINDOWS\System32\OpenSSH;C:\Program Files (x86)\Box\Box Edit;C:\Users\indrajeet.kumar\Downloads\mysql-8.0.27-winx64\mysql-8.0.27-winx64\bin;C:\Users\indrajeet.kumar\Downloads\software\apache-maven-3.8.3-bin\apache-maven-3.8.3\bin;C:\Program Files\Docker\Docker\resources\bin;C:\ProgramData\DockerDesktop\version-bin;C:\Users\indrajeet.kumar\AppData\Local\Microsoft\WindowsApps;C:\Users\indrajeet.kumar\AppData\Local\Programs\Git\cmd;C:\Users\indrajeet.kumar\AppData\Local\Programs\Git\usr\bin\vendor_perl;C:\Users\indrajeet.kumar\AppData\Local\Programs\Git\usr\bin\core_perl;."/>
    <property name="java.vendor" value="Oracle Corporation"/>
    <property name="java.vm.info" value="mixed mode"/>
    <property name="java.vm.version" value="11.0.13+10-LTS-370"/>
    <property name="sun.io.unicode.encoding" value="UnicodeLittle"/>
    <property name="java.class.version" value="55.0"/>
  </properties>
  <testcase name="pactVerificationTestTemplate(PactVerificationContext)" classname="com.example.dateprovider.pact.PactAgeProviderTest" time="5.329">
    <error type="au.com.dius.pact.core.pactbroker.InvalidNavigationRequest"><![CDATA[au.com.dius.pact.core.pactbroker.InvalidNavigationRequest: Failed to fetch the root HAL document
Caused by: org.apache.http.conn.HttpHostConnectException: Connect to localhost:8282 [localhost/127.0.0.1, localhost/0:0:0:0:0:0:0:1] failed: Connection refused: connect
Caused by: java.net.ConnectException: Connection refused: connect
]]></error>
    <system-out><![CDATA[20:47:36.259 [main] DEBUG org.springframework.test.context.BootstrapUtils - Instantiating CacheAwareContextLoaderDelegate from class [org.springframework.test.context.cache.DefaultCacheAwareContextLoaderDelegate]
20:47:36.269 [main] DEBUG org.springframework.test.context.BootstrapUtils - Instantiating BootstrapContext using constructor [public org.springframework.test.context.support.DefaultBootstrapContext(java.lang.Class,org.springframework.test.context.CacheAwareContextLoaderDelegate)]
20:47:36.312 [main] DEBUG org.springframework.test.context.BootstrapUtils - Instantiating TestContextBootstrapper for test class [com.example.dateprovider.pact.PactAgeProviderTest] from class [org.springframework.boot.test.context.SpringBootTestContextBootstrapper]
20:47:36.326 [main] INFO org.springframework.boot.test.context.SpringBootTestContextBootstrapper - Neither @ContextConfiguration nor @ContextHierarchy found for test class [com.example.dateprovider.pact.PactAgeProviderTest], using SpringBootContextLoader
20:47:36.330 [main] DEBUG org.springframework.test.context.support.AbstractContextLoader - Did not detect default resource location for test class [com.example.dateprovider.pact.PactAgeProviderTest]: class path resource [com/example/dateprovider/pact/PactAgeProviderTest-context.xml] does not exist
20:47:36.330 [main] DEBUG org.springframework.test.context.support.AbstractContextLoader - Did not detect default resource location for test class [com.example.dateprovider.pact.PactAgeProviderTest]: class path resource [com/example/dateprovider/pact/PactAgeProviderTestContext.groovy] does not exist
20:47:36.330 [main] INFO org.springframework.test.context.support.AbstractContextLoader - Could not detect default resource locations for test class [com.example.dateprovider.pact.PactAgeProviderTest]: no resource found for suffixes {-context.xml, Context.groovy}.
20:47:36.331 [main] INFO org.springframework.test.context.support.AnnotationConfigContextLoaderUtils - Could not detect default configuration classes for test class [com.example.dateprovider.pact.PactAgeProviderTest]: PactAgeProviderTest does not declare any static, non-private, non-final, nested classes annotated with @Configuration.
20:47:36.378 [main] DEBUG org.springframework.test.context.support.ActiveProfilesUtils - Could not find an 'annotation declaring class' for annotation type [org.springframework.test.context.ActiveProfiles] and class [com.example.dateprovider.pact.PactAgeProviderTest]
20:47:36.440 [main] DEBUG org.springframework.context.annotation.ClassPathScanningCandidateComponentProvider - Identified candidate component class: file [C:\Users\indrajeet.kumar\pact-contract-testing\ContractTestingBoilerplate\date-provider\target\classes\com\example\dateprovider\DateProviderApplication.class]
20:47:36.443 [main] INFO org.springframework.boot.test.context.SpringBootTestContextBootstrapper - Found @SpringBootConfiguration com.example.dateprovider.DateProviderApplication for test class com.example.dateprovider.pact.PactAgeProviderTest
20:47:36.566 [main] DEBUG org.springframework.boot.test.context.SpringBootTestContextBootstrapper - @TestExecutionListeners is not present for class [com.example.dateprovider.pact.PactAgeProviderTest]: using defaults.
20:47:36.567 [main] INFO org.springframework.boot.test.context.SpringBootTestContextBootstrapper - Loaded default TestExecutionListener class names from location [META-INF/spring.factories]: [org.springframework.boot.test.mock.mockito.MockitoTestExecutionListener, org.springframework.boot.test.mock.mockito.ResetMocksTestExecutionListener, org.springframework.boot.test.autoconfigure.restdocs.RestDocsTestExecutionListener, org.springframework.boot.test.autoconfigure.web.client.MockRestServiceServerResetTestExecutionListener, org.springframework.boot.test.autoconfigure.web.servlet.MockMvcPrintOnlyOnFailureTestExecutionListener, org.springframework.boot.test.autoconfigure.web.servlet.WebDriverTestExecutionListener, org.springframework.boot.test.autoconfigure.webservices.client.MockWebServiceServerTestExecutionListener, org.springframework.test.context.web.ServletTestExecutionListener, org.springframework.test.context.support.DirtiesContextBeforeModesTestExecutionListener, org.springframework.test.context.event.ApplicationEventsTestExecutionListener, org.springframework.test.context.support.DependencyInjectionTestExecutionListener, org.springframework.test.context.support.DirtiesContextTestExecutionListener, org.springframework.test.context.transaction.TransactionalTestExecutionListener, org.springframework.test.context.jdbc.SqlScriptsTestExecutionListener, org.springframework.test.context.event.EventPublishingTestExecutionListener]
20:47:36.583 [main] DEBUG org.springframework.boot.test.context.SpringBootTestContextBootstrapper - Skipping candidate TestExecutionListener [org.springframework.test.context.transaction.TransactionalTestExecutionListener] due to a missing dependency. Specify custom listener classes or make the default listener classes and their required dependencies available. Offending class: [org/springframework/transaction/interceptor/TransactionAttributeSource]
20:47:36.583 [main] DEBUG org.springframework.boot.test.context.SpringBootTestContextBootstrapper - Skipping candidate TestExecutionListener [org.springframework.test.context.jdbc.SqlScriptsTestExecutionListener] due to a missing dependency. Specify custom listener classes or make the default listener classes and their required dependencies available. Offending class: [org/springframework/transaction/interceptor/TransactionAttribute]
20:47:36.584 [main] INFO org.springframework.boot.test.context.SpringBootTestContextBootstrapper - Using TestExecutionListeners: [org.springframework.test.context.web.ServletTestExecutionListener@545de5a4, org.springframework.test.context.support.DirtiesContextBeforeModesTestExecutionListener@29ef6856, org.springframework.test.context.event.ApplicationEventsTestExecutionListener@ab7a938, org.springframework.boot.test.mock.mockito.MockitoTestExecutionListener@3faf2e7d, org.springframework.boot.test.autoconfigure.SpringBootDependencyInjectionTestExecutionListener@4648ce9, org.springframework.test.context.support.DirtiesContextTestExecutionListener@569bf9eb, org.springframework.test.context.event.EventPublishingTestExecutionListener@61526469, org.springframework.boot.test.mock.mockito.ResetMocksTestExecutionListener@274872f8, org.springframework.boot.test.autoconfigure.restdocs.RestDocsTestExecutionListener@76ba13c, org.springframework.boot.test.autoconfigure.web.client.MockRestServiceServerResetTestExecutionListener@eb6449b, org.springframework.boot.test.autoconfigure.web.servlet.MockMvcPrintOnlyOnFailureTestExecutionListener@7c351808, org.springframework.boot.test.autoconfigure.web.servlet.WebDriverTestExecutionListener@180e6ac4, org.springframework.boot.test.autoconfigure.webservices.client.MockWebServiceServerTestExecutionListener@42b64ab8]
20:47:36.587 [main] DEBUG org.springframework.test.context.support.AbstractDirtiesContextTestExecutionListener - Before test class: context [DefaultTestContext@649725e3 testClass = PactAgeProviderTest, testInstance = [null], testMethod = [null], testException = [null], mergedContextConfiguration = [WebMergedContextConfiguration@3c0fae6c testClass = PactAgeProviderTest, locations = '{}', classes = '{class com.example.dateprovider.DateProviderApplication}', contextInitializerClasses = '[]', activeProfiles = '{}', propertySourceLocations = '{}', propertySourceProperties = '{org.springframework.boot.test.context.SpringBootTestContextBootstrapper=true, server.port=0}', contextCustomizers = set[org.springframework.boot.test.context.filter.ExcludeFilterContextCustomizer@5c2375a9, org.springframework.boot.test.json.DuplicateJsonObjectContextCustomizerFactory$DuplicateJsonObjectContextCustomizer@7a55af6b, org.springframework.boot.test.mock.mockito.MockitoContextCustomizer@0, org.springframework.boot.test.web.client.TestRestTemplateContextCustomizer@2bb3058, org.springframework.boot.test.autoconfigure.actuate.metrics.MetricsExportContextCustomizerFactory$DisableMetricExportContextCustomizer@10a9d961, org.springframework.boot.test.autoconfigure.properties.PropertyMappingContextCustomizer@0, org.springframework.boot.test.autoconfigure.web.servlet.WebDriverContextCustomizerFactory$Customizer@3cdf2c61, org.springframework.boot.test.context.SpringBootTestArgs@1, org.springframework.boot.test.context.SpringBootTestWebEnvironment@623a8092], resourceBasePath = 'src/main/webapp', contextLoader = 'org.springframework.boot.test.context.SpringBootContextLoader', parent = [null]], attributes = map['org.springframework.test.context.web.ServletTestExecutionListener.activateListener' -> false]], class annotated with @DirtiesContext [false] with mode [null].
20:47:36.610 [main] DEBUG au.com.dius.pact.provider.junit5.PactVerificationInvocationContextProvider - provideTestTemplateInvocationContexts called
20:47:36.612 [main] DEBUG au.com.dius.pact.provider.junit5.PactVerificationInvocationContextProvider - Verifying pacts for provider 'dateProvider' and consumer 'ageConsumer'
20:47:36.944 [main] DEBUG au.com.dius.pact.provider.junit5.PactVerificationInvocationContextProvider - Pact sources on test class: [(@au.com.dius.pact.provider.junitsupport.loader.PactSource(value=au.com.dius.pact.provider.junitsupport.loader.PactBrokerLoader.class), @au.com.dius.pact.provider.junitsupport.loader.PactBroker(scheme="${pactbroker.scheme:http}", port="8282", valueResolver=au.com.dius.pact.core.support.expressions.SystemPropertyResolver.class, enablePendingPacts="${pactbroker.enablePending:false}", host="localhost", includeWipPactsSince="${pactbroker.includeWipPactsSince:}", consumers={"${pactbroker.consumers:}"}, consumerVersionSelectors={@au.com.dius.pact.provider.junitsupport.loader.VersionSelector(tag="${pactbroker.consumerversionselectors.tags:}", consumer="${pactbroker.consumers:}", fallbackTag="", latest="${pactbroker.consumerversionselectors.latest:}")}, tags={"${pactbroker.tags:}"}, providerTags={"${pactbroker.providerTags:}"}, authentication=@au.com.dius.pact.provider.junitsupport.loader.PactBrokerAuth(password="${pactbroker.auth.password:}", token="${pactbroker.auth.token:}", username="${pactbroker.auth.username:}")))]
20:47:36.945 [main] DEBUG au.com.dius.pact.provider.ProviderUtils - Pact source does not have a constructor with one argument of type Class
20:47:36.957 [main] DEBUG au.com.dius.pact.provider.junitsupport.loader.PactBrokerLoader - Loading pacts from pact broker for provider dateProvider and consumer version selectors []
20:47:36.959 [main] DEBUG au.com.dius.pact.provider.junitsupport.loader.PactBrokerLoader - Authentication: None
20:47:36.962 [main] DEBUG au.com.dius.pact.core.pactbroker.HalClient - Fetching: /
20:47:37.393 [main] DEBUG org.apache.http.client.protocol.RequestAddCookies - CookieSpec selected: default
20:47:37.399 [main] DEBUG org.apache.http.client.protocol.RequestAuthCache - Auth cache not set in the context
20:47:37.400 [main] DEBUG org.apache.http.impl.conn.PoolingHttpClientConnectionManager - Connection request: [route: {}->http://localhost:8282][total available: 0; route allocated: 0 of 5; total allocated: 0 of 10]
20:47:37.408 [main] DEBUG org.apache.http.impl.conn.PoolingHttpClientConnectionManager - Connection leased: [id: 0][route: {}->http://localhost:8282][total available: 0; route allocated: 1 of 5; total allocated: 1 of 10]
20:47:37.409 [main] DEBUG org.apache.http.impl.execchain.MainClientExec - Opening connection {}->http://localhost:8282
20:47:37.419 [main] DEBUG org.apache.http.impl.conn.DefaultHttpClientConnectionOperator - Connecting to localhost/127.0.0.1:8282
20:47:39.461 [main] DEBUG org.apache.http.impl.conn.DefaultHttpClientConnectionOperator - Connect to localhost/127.0.0.1:8282 timed out. Connection will be retried using another IP address
20:47:39.461 [main] DEBUG org.apache.http.impl.conn.DefaultHttpClientConnectionOperator - Connecting to localhost/0:0:0:0:0:0:0:1:8282
20:47:41.504 [main] DEBUG org.apache.http.impl.conn.DefaultManagedHttpClientConnection - http-outgoing-0: Shutdown connection
20:47:41.505 [main] DEBUG org.apache.http.impl.execchain.MainClientExec - Connection discarded
20:47:41.506 [main] DEBUG org.apache.http.impl.conn.PoolingHttpClientConnectionManager - Connection released: [id: 0][route: {}->http://localhost:8282][total available: 0; route allocated: 0 of 5; total allocated: 0 of 10]
20:47:41.520 [main] ERROR au.com.dius.pact.core.pactbroker.HalClient - Failed to fetch the root HAL document
org.apache.http.conn.HttpHostConnectException: Connect to localhost:8282 [localhost/127.0.0.1, localhost/0:0:0:0:0:0:0:1] failed: Connection refused: connect
	at org.apache.http.impl.conn.DefaultHttpClientConnectionOperator.connect(DefaultHttpClientConnectionOperator.java:156)
	at org.apache.http.impl.conn.PoolingHttpClientConnectionManager.connect(PoolingHttpClientConnectionManager.java:376)
	at org.apache.http.impl.execchain.MainClientExec.establishRoute(MainClientExec.java:393)
	at org.apache.http.impl.execchain.MainClientExec.execute(MainClientExec.java:236)
	at org.apache.http.impl.execchain.ProtocolExec.execute(ProtocolExec.java:186)
	at org.apache.http.impl.execchain.RetryExec.execute(RetryExec.java:89)
	at org.apache.http.impl.execchain.ServiceUnavailableRetryExec.execute(ServiceUnavailableRetryExec.java:85)
	at org.apache.http.impl.execchain.RedirectExec.execute(RedirectExec.java:110)
	at org.apache.http.impl.client.InternalHttpClient.doExecute(InternalHttpClient.java:185)
	at org.apache.http.impl.client.CloseableHttpClient.execute(CloseableHttpClient.java:83)
	at au.com.dius.pact.core.pactbroker.HalClient$getJson$1.invoke(HalClient.kt:283)
	at au.com.dius.pact.core.pactbroker.HalClient$getJson$1.invoke(HalClient.kt:140)
	at au.com.dius.pact.core.support.KotlinLanguageSupportKt.handleWith(KotlinLanguageSupport.kt:36)
	at au.com.dius.pact.core.pactbroker.HalClient.getJson(HalClient.kt:278)
	at au.com.dius.pact.core.pactbroker.HalClient.fetch(HalClient.kt:242)
	at au.com.dius.pact.core.pactbroker.HalClient.fetch(HalClient.kt:237)
	at au.com.dius.pact.core.pactbroker.HalClient.navigate(HalClient.kt:219)
	at au.com.dius.pact.core.pactbroker.PactBrokerClient$fetchConsumersWithSelectors$halClient$navigateResult$1.invoke(PactBrokerClient.kt:168)
	at au.com.dius.pact.core.pactbroker.PactBrokerClient$fetchConsumersWithSelectors$halClient$navigateResult$1.invoke(PactBrokerClient.kt:107)
	at au.com.dius.pact.core.support.KotlinLanguageSupportKt.handleWith(KotlinLanguageSupport.kt:36)
	at au.com.dius.pact.core.pactbroker.PactBrokerClient.fetchConsumersWithSelectors(PactBrokerClient.kt:168)
	at au.com.dius.pact.provider.junitsupport.loader.PactBrokerLoader.loadPactsForProvider(PactBrokerLoader.kt:196)
	at au.com.dius.pact.provider.junitsupport.loader.PactBrokerLoader.load(PactBrokerLoader.kt:111)
	at au.com.dius.pact.provider.junit5.PactVerificationInvocationContextProvider$resolvePactSources$$inlined$flatMap$lambda$1.invoke(PactJUnit5VerificationProvider.kt:77)
	at au.com.dius.pact.provider.junit5.PactVerificationInvocationContextProvider$resolvePactSources$$inlined$flatMap$lambda$1.invoke(PactJUnit5VerificationProvider.kt:34)
	at au.com.dius.pact.core.support.KotlinLanguageSupportKt.handleWith(KotlinLanguageSupport.kt:36)
	at au.com.dius.pact.provider.junit5.PactVerificationInvocationContextProvider.resolvePactSources(PactJUnit5VerificationProvider.kt:77)
	at au.com.dius.pact.provider.junit5.PactVerificationInvocationContextProvider.provideTestTemplateInvocationContexts(PactJUnit5VerificationProvider.kt:38)
	at org.junit.jupiter.engine.descriptor.TestTemplateTestDescriptor.lambda$execute$0(TestTemplateTestDescriptor.java:103)
	at java.base/java.util.stream.ReferencePipeline$7$1.accept(ReferencePipeline.java:271)
	at java.base/java.util.ArrayList$ArrayListSpliterator.forEachRemaining(ArrayList.java:1655)
	at java.base/java.util.stream.AbstractPipeline.copyInto(AbstractPipeline.java:484)
	at java.base/java.util.stream.AbstractPipeline.wrapAndCopyInto(AbstractPipeline.java:474)
	at java.base/java.util.stream.ForEachOps$ForEachOp.evaluateSequential(ForEachOps.java:150)
	at java.base/java.util.stream.ForEachOps$ForEachOp$OfRef.evaluateSequential(ForEachOps.java:173)
	at java.base/java.util.stream.AbstractPipeline.evaluate(AbstractPipeline.java:234)
	at java.base/java.util.stream.ReferencePipeline.forEach(ReferencePipeline.java:497)
	at org.junit.jupiter.engine.descriptor.TestTemplateTestDescriptor.execute(TestTemplateTestDescriptor.java:107)
	at org.junit.jupiter.engine.descriptor.TestTemplateTestDescriptor.execute(TestTemplateTestDescriptor.java:42)
	at org.junit.platform.engine.support.hierarchical.NodeTestTask.lambda$executeRecursively$5(NodeTestTask.java:139)
	at org.junit.platform.engine.support.hierarchical.ThrowableCollector.execute(ThrowableCollector.java:73)
	at org.junit.platform.engine.support.hierarchical.NodeTestTask.lambda$executeRecursively$7(NodeTestTask.java:129)
	at org.junit.platform.engine.support.hierarchical.Node.around(Node.java:137)
	at org.junit.platform.engine.support.hierarchical.NodeTestTask.lambda$executeRecursively$8(NodeTestTask.java:127)
	at org.junit.platform.engine.support.hierarchical.ThrowableCollector.execute(ThrowableCollector.java:73)
	at org.junit.platform.engine.support.hierarchical.NodeTestTask.executeRecursively(NodeTestTask.java:126)
	at org.junit.platform.engine.support.hierarchical.NodeTestTask.execute(NodeTestTask.java:84)
	at java.base/java.util.ArrayList.forEach(ArrayList.java:1541)
	at org.junit.platform.engine.support.hierarchical.SameThreadHierarchicalTestExecutorService.invokeAll(SameThreadHierarchicalTestExecutorService.java:38)
	at org.junit.platform.engine.support.hierarchical.NodeTestTask.lambda$executeRecursively$5(NodeTestTask.java:143)
	at org.junit.platform.engine.support.hierarchical.ThrowableCollector.execute(ThrowableCollector.java:73)
	at org.junit.platform.engine.support.hierarchical.NodeTestTask.lambda$executeRecursively$7(NodeTestTask.java:129)
	at org.junit.platform.engine.support.hierarchical.Node.around(Node.java:137)
	at org.junit.platform.engine.support.hierarchical.NodeTestTask.lambda$executeRecursively$8(NodeTestTask.java:127)
	at org.junit.platform.engine.support.hierarchical.ThrowableCollector.execute(ThrowableCollector.java:73)
	at org.junit.platform.engine.support.hierarchical.NodeTestTask.executeRecursively(NodeTestTask.java:126)
	at org.junit.platform.engine.support.hierarchical.NodeTestTask.execute(NodeTestTask.java:84)
	at java.base/java.util.ArrayList.forEach(ArrayList.java:1541)
	at org.junit.platform.engine.support.hierarchical.SameThreadHierarchicalTestExecutorService.invokeAll(SameThreadHierarchicalTestExecutorService.java:38)
	at org.junit.platform.engine.support.hierarchical.NodeTestTask.lambda$executeRecursively$5(NodeTestTask.java:143)
	at org.junit.platform.engine.support.hierarchical.ThrowableCollector.execute(ThrowableCollector.java:73)
	at org.junit.platform.engine.support.hierarchical.NodeTestTask.lambda$executeRecursively$7(NodeTestTask.java:129)
	at org.junit.platform.engine.support.hierarchical.Node.around(Node.java:137)
	at org.junit.platform.engine.support.hierarchical.NodeTestTask.lambda$executeRecursively$8(NodeTestTask.java:127)
	at org.junit.platform.engine.support.hierarchical.ThrowableCollector.execute(ThrowableCollector.java:73)
	at org.junit.platform.engine.support.hierarchical.NodeTestTask.executeRecursively(NodeTestTask.java:126)
	at org.junit.platform.engine.support.hierarchical.NodeTestTask.execute(NodeTestTask.java:84)
	at org.junit.platform.engine.support.hierarchical.SameThreadHierarchicalTestExecutorService.submit(SameThreadHierarchicalTestExecutorService.java:32)
	at org.junit.platform.engine.support.hierarchical.HierarchicalTestExecutor.execute(HierarchicalTestExecutor.java:57)
	at org.junit.platform.engine.support.hierarchical.HierarchicalTestEngine.execute(HierarchicalTestEngine.java:51)
	at org.junit.platform.launcher.core.EngineExecutionOrchestrator.execute(EngineExecutionOrchestrator.java:108)
	at org.junit.platform.launcher.core.EngineExecutionOrchestrator.execute(EngineExecutionOrchestrator.java:88)
	at org.junit.platform.launcher.core.EngineExecutionOrchestrator.lambda$execute$0(EngineExecutionOrchestrator.java:54)
	at org.junit.platform.launcher.core.EngineExecutionOrchestrator.withInterceptedStreams(EngineExecutionOrchestrator.java:67)
	at org.junit.platform.launcher.core.EngineExecutionOrchestrator.execute(EngineExecutionOrchestrator.java:52)
	at org.junit.platform.launcher.core.DefaultLauncher.execute(DefaultLauncher.java:96)
	at org.junit.platform.launcher.core.DefaultLauncher.execute(DefaultLauncher.java:75)
	at org.apache.maven.surefire.junitplatform.JUnitPlatformProvider.execute(JUnitPlatformProvider.java:188)
	at org.apache.maven.surefire.junitplatform.JUnitPlatformProvider.invokeAllTests(JUnitPlatformProvider.java:154)
	at org.apache.maven.surefire.junitplatform.JUnitPlatformProvider.invoke(JUnitPlatformProvider.java:128)
	at org.apache.maven.surefire.booter.ForkedBooter.runSuitesInProcess(ForkedBooter.java:428)
	at org.apache.maven.surefire.booter.ForkedBooter.execute(ForkedBooter.java:162)
	at org.apache.maven.surefire.booter.ForkedBooter.run(ForkedBooter.java:562)
	at org.apache.maven.surefire.booter.ForkedBooter.main(ForkedBooter.java:548)
Caused by: java.net.ConnectException: Connection refused: connect
	at java.base/java.net.PlainSocketImpl.connect0(Native Method)
	at java.base/java.net.PlainSocketImpl.socketConnect(PlainSocketImpl.java:101)
	at java.base/java.net.AbstractPlainSocketImpl.doConnect(AbstractPlainSocketImpl.java:412)
	at java.base/java.net.AbstractPlainSocketImpl.connectToAddress(AbstractPlainSocketImpl.java:255)
	at java.base/java.net.AbstractPlainSocketImpl.connect(AbstractPlainSocketImpl.java:237)
	at java.base/java.net.SocksSocketImpl.connect(SocksSocketImpl.java:392)
	at java.base/java.net.Socket.connect(Socket.java:608)
	at org.apache.http.conn.socket.PlainConnectionSocketFactory.connectSocket(PlainConnectionSocketFactory.java:75)
	at org.apache.http.impl.conn.DefaultHttpClientConnectionOperator.connect(DefaultHttpClientConnectionOperator.java:142)
	... 83 common frames omitted
]]></system-out>
  </testcase>
</testsuite>